Using pre-set license
Built from '2022.3/staging' branch; Version is '2022.3.16f1 (d2c21f0ef2f1) revision 13812255'; Using compiler version '192829333'; Build Type 'Release'
OS: 'Windows 11  (10.0.22631) 64bit Professional' Language: 'fr' Physical Memory: 32603 MB
BatchMode: 1, IsHumanControllingUs: 0, StartBugReporterOnCrash: 0, Is64bit: 1, IsPro: 1

COMMAND LINE ARGUMENTS:
C:\Program Files\Unity\Hub\Editor\2022.3.16f1\Editor\Unity.exe
-adb2
-batchMode
-noUpm
-name
AssetImportWorker4
-projectPath
C:/Users/aumai/Desktop/Projet 2e semestre/semestre2/2Sem2Ann2
-logFile
Logs/AssetImportWorker4.log
-srvPort
61566
Successfully changed project path to: C:/Users/aumai/Desktop/Projet 2e semestre/semestre2/2Sem2Ann2
C:/Users/aumai/Desktop/Projet 2e semestre/semestre2/2Sem2Ann2
[UnityMemory] Configuration Parameters - Can be set up in boot.config
    "memorysetup-bucket-allocator-granularity=16"
    "memorysetup-bucket-allocator-bucket-count=8"
    "memorysetup-bucket-allocator-block-size=33554432"
    "memorysetup-bucket-allocator-block-count=8"
    "memorysetup-main-allocator-block-size=16777216"
    "memorysetup-thread-allocator-block-size=16777216"
    "memorysetup-gfx-main-allocator-block-size=16777216"
    "memorysetup-gfx-thread-allocator-block-size=16777216"
    "memorysetup-cache-allocator-block-size=4194304"
    "memorysetup-typetree-allocator-block-size=2097152"
    "memorysetup-profiler-bucket-allocator-granularity=16"
    "memorysetup-profiler-bucket-allocator-bucket-count=8"
    "memorysetup-profiler-bucket-allocator-block-size=33554432"
    "memorysetup-profiler-bucket-allocator-block-count=8"
    "memorysetup-profiler-allocator-block-size=16777216"
    "memorysetup-profiler-editor-allocator-block-size=1048576"
    "memorysetup-temp-allocator-size-main=16777216"
    "memorysetup-job-temp-allocator-block-size=2097152"
    "memorysetup-job-temp-allocator-block-size-background=1048576"
    "memorysetup-job-temp-allocator-reduction-small-platforms=262144"
    "memorysetup-allocator-temp-initial-block-size-main=262144"
    "memorysetup-allocator-temp-initial-block-size-worker=262144"
    "memorysetup-temp-allocator-size-background-worker=32768"
    "memorysetup-temp-allocator-size-job-worker=262144"
    "memorysetup-temp-allocator-size-preload-manager=33554432"
    "memorysetup-temp-allocator-size-nav-mesh-worker=65536"
    "memorysetup-temp-allocator-size-audio-worker=65536"
    "memorysetup-temp-allocator-size-cloud-worker=32768"
    "memorysetup-temp-allocator-size-gi-baking-worker=262144"
    "memorysetup-temp-allocator-size-gfx=262144"
Player connection [3196] Host "[IP] 192.168.1.122 [Port] 0 [Flags] 2 [Guid] 3308568304 [EditorId] 3308568304 [Version] 1048832 [Id] WindowsEditor(7,DESKTOP-NPM81OF) [Debug] 1 [PackageName] WindowsEditor [ProjectName] Editor" joined multi-casting on [225.0.0.222:54997]...

Player connection [3196] Host "[IP] 192.168.1.122 [Port] 0 [Flags] 2 [Guid] 3308568304 [EditorId] 3308568304 [Version] 1048832 [Id] WindowsEditor(7,DESKTOP-NPM81OF) [Debug] 1 [PackageName] WindowsEditor [ProjectName] Editor" joined alternative multi-casting on [225.0.0.222:34997]...

[Physics::Module] Initialized MultithreadedJobDispatcher with 23 workers.
Refreshing native plugins compatible for Editor in 10.97 ms, found 5 plugins.
Preloading 0 native plugins for Editor in 0.00 ms.
Initialize engine version: 2022.3.16f1 (d2c21f0ef2f1)
[Subsystems] Discovering subsystems at path C:/Program Files/Unity/Hub/Editor/2022.3.16f1/Editor/Data/Resources/UnitySubsystems
[Subsystems] Discovering subsystems at path C:/Users/aumai/Desktop/Projet 2e semestre/semestre2/2Sem2Ann2/Assets
GfxDevice: creating device client; threaded=0; jobified=0
Direct3D:
    Version:  Direct3D 11.0 [level 11.1]
    Renderer: NVIDIA GeForce RTX 3070 (ID=0x2484)
    Vendor:   NVIDIA
    VRAM:     8032 MB
    Driver:   31.0.15.3734
Initialize mono
Mono path[0] = 'C:/Program Files/Unity/Hub/Editor/2022.3.16f1/Editor/Data/Managed'
Mono path[1] = 'C:/Program Files/Unity/Hub/Editor/2022.3.16f1/Editor/Data/MonoBleedingEdge/lib/mono/unityjit-win32'
Mono config path = 'C:/Program Files/Unity/Hub/Editor/2022.3.16f1/Editor/Data/MonoBleedingEdge/etc'
Using monoOptions --debugger-agent=transport=dt_socket,embedding=1,server=y,suspend=n,address=127.0.0.1:56824
Begin MonoManager ReloadAssembly
Registering precompiled unity dll's ...
Register platform support module: C:/Program Files/Unity/Hub/Editor/2022.3.16f1/Editor/Data/PlaybackEngines/WindowsStandaloneSupport/UnityEditor.WindowsStandalone.Extensions.dll
Registered in 0.003744 seconds.
- Loaded All Assemblies, in  0.193 seconds
Native extension for WindowsStandalone target not found
Mono: successfully reloaded assembly
- Finished resetting the current domain, in  0.155 seconds
Domain Reload Profiling: 347ms
	BeginReloadAssembly (61ms)
		ExecutionOrderSort (0ms)
		DisableScriptedObjects (0ms)
		BackupInstance (0ms)
		ReleaseScriptingObjects (0ms)
		CreateAndSetChildDomain (0ms)
	RebuildCommonClasses (19ms)
	RebuildNativeTypeToScriptingClass (6ms)
	initialDomainReloadingComplete (33ms)
	LoadAllAssembliesAndSetupDomain (74ms)
		LoadAssemblies (59ms)
		RebuildTransferFunctionScriptingTraits (0ms)
		AnalyzeDomain (73ms)
			TypeCache.Refresh (72ms)
				TypeCache.ScanAssembly (65ms)
			ScanForSourceGeneratedMonoScriptInfo (0ms)
			ResolveRequiredComponents (0ms)
	FinalizeReload (155ms)
		ReleaseScriptCaches (0ms)
		RebuildScriptCaches (0ms)
		SetupLoadedEditorAssemblies (122ms)
			LogAssemblyErrors (0ms)
			InitializePlatformSupportModulesInManaged (5ms)
			SetLoadedEditorAssemblies (5ms)
			RefreshPlugins (0ms)
			BeforeProcessingInitializeOnLoad (1ms)
			ProcessInitializeOnLoadAttributes (83ms)
			ProcessInitializeOnLoadMethodAttributes (27ms)
			AfterProcessingInitializeOnLoad (0ms)
			EditorAssembliesLoaded (0ms)
		ExecutionOrderSort2 (0ms)
		AwakeInstancesAfterBackupRestoration (0ms)
========================================================================
Worker process is ready to serve import requests
Begin MonoManager ReloadAssembly
- Loaded All Assemblies, in  0.393 seconds
Refreshing native plugins compatible for Editor in 7.27 ms, found 5 plugins.
Native extension for WindowsStandalone target not found
Package Manager log level set to [2]
[Package Manager] Server::EnsureServerProcessIsRunning -- launch failed, reason: Unity was launched with the -noUpm command-line argument
[Package Manager] UpmClient::Send -- Unable to send message (not connected to UPM process).
[Package Manager] Cannot connect to Unity Package Manager local server
Mono: successfully reloaded assembly
- Finished resetting the current domain, in  0.453 seconds
Domain Reload Profiling: 845ms
	BeginReloadAssembly (83ms)
		ExecutionOrderSort (0ms)
		DisableScriptedObjects (3ms)
		BackupInstance (0ms)
		ReleaseScriptingObjects (0ms)
		CreateAndSetChildDomain (11ms)
	RebuildCommonClasses (18ms)
	RebuildNativeTypeToScriptingClass (7ms)
	initialDomainReloadingComplete (23ms)
	LoadAllAssembliesAndSetupDomain (260ms)
		LoadAssemblies (174ms)
		RebuildTransferFunctionScriptingTraits (0ms)
		AnalyzeDomain (134ms)
			TypeCache.Refresh (115ms)
				TypeCache.ScanAssembly (103ms)
			ScanForSourceGeneratedMonoScriptInfo (16ms)
			ResolveRequiredComponents (3ms)
	FinalizeReload (453ms)
		ReleaseScriptCaches (0ms)
		RebuildScriptCaches (0ms)
		SetupLoadedEditorAssemblies (368ms)
			LogAssemblyErrors (0ms)
			InitializePlatformSupportModulesInManaged (3ms)
			SetLoadedEditorAssemblies (2ms)
			RefreshPlugins (0ms)
			BeforeProcessingInitializeOnLoad (39ms)
			ProcessInitializeOnLoadAttributes (284ms)
			ProcessInitializeOnLoadMethodAttributes (36ms)
			AfterProcessingInitializeOnLoad (4ms)
			EditorAssembliesLoaded (0ms)
		ExecutionOrderSort2 (0ms)
		AwakeInstancesAfterBackupRestoration (4ms)
Launched and connected shader compiler UnityShaderCompiler.exe after 0.04 seconds
Refreshing native plugins compatible for Editor in 7.37 ms, found 5 plugins.
Preloading 0 native plugins for Editor in 0.00 ms.
Unloading 4357 Unused Serialized files (Serialized files now loaded: 0)
Unloading 103 unused Assets / (377.3 KB). Loaded Objects now: 4756.
Memory consumption went from 155.0 MB to 154.7 MB.
Total: 2.349400 ms (FindLiveObjects: 0.141700 ms CreateObjectMapping: 0.050500 ms MarkObjects: 2.034300 ms  DeleteObjects: 0.122300 ms)

AssetImportParameters requested are different than current active one (requested -> active):
  custom:container-demuxer-ogg: 62fdf1f143b41e24485cea50d1cbac27 -> 
  custom:video-decoder-ogg-theora: a1e56fd34408186e4bbccfd4996cb3dc -> 
  custom:framework-win-MediaFoundation: 216162199b28c13a410421893ffa2e32 -> 
  custom:CustomObjectIndexerAttribute: 43b350a4d6e6d1791af0b5038c4bea17 -> 
  custom:container-demuxer-webm: 4f35f7cbe854078d1ac9338744f61a02 -> 
  custom:container-muxer-webm: aa71ff27fc2769a1b78a27578f13a17b -> 
  custom:video-decoder-webm-vp8: 9c59270c3fd7afecdb556c50c9e8de78 -> 
  custom:SearchIndexIgnoredProperties: e643bd26f0fe6173181afceb89e7c659 -> 
  custom:AudioImporter_EditorPlatform: d09bf68614088b80899f8185d706f6e7 -> 
  custom:video-encoder-webm-vp8: eb34c28f22e8b96e1ab97ce403110664 -> 
  custom:audio-decoder-ogg-vorbis: bf7c407c2cedff20999df2af8eb42d56 -> 
  custom:audio-encoder-webm-vorbis: bf7c407c2cedff20999df2af8eb42d56 -> 
========================================================================
Received Import Request.
  Time since last request: 1121247.999289 seconds.
  path: Assets/Prefab/Minion_Bleu.prefab
  artifactKey: Guid(bdc9f1351661d5940a571ddff632e8a6) Importer(815301076,1909f56bfc062723c751e8b465ee728b)
Start importing Assets/Prefab/Minion_Bleu.prefab using Guid(bdc9f1351661d5940a571ddff632e8a6) Importer(815301076,1909f56bfc062723c751e8b465ee728b)  -> (artifact id: 'a2481f0adecdaa66b40725d00b23cd9f') in 0.077885 seconds
Number of updated asset objects reloaded before import = 0
Number of asset objects unloaded after import = 32
========================================================================
Received Import Request.
  Time since last request: 8.821595 seconds.
  path: Assets/Prefab/Minion_Bleu.prefab
  artifactKey: Guid(bdc9f1351661d5940a571ddff632e8a6) Importer(815301076,1909f56bfc062723c751e8b465ee728b)
Start importing Assets/Prefab/Minion_Bleu.prefab using Guid(bdc9f1351661d5940a571ddff632e8a6) Importer(815301076,1909f56bfc062723c751e8b465ee728b)  -> (artifact id: '93136ed5b4eea2941b396f050258f92c') in 0.065480 seconds
Number of updated asset objects reloaded before import = 0
Number of asset objects unloaded after import = 32
========================================================================
Received Import Request.
  Time since last request: 20.856384 seconds.
  path: Assets/Prefab/Minion_Bleu.prefab
  artifactKey: Guid(bdc9f1351661d5940a571ddff632e8a6) Importer(815301076,1909f56bfc062723c751e8b465ee728b)
Start importing Assets/Prefab/Minion_Bleu.prefab using Guid(bdc9f1351661d5940a571ddff632e8a6) Importer(815301076,1909f56bfc062723c751e8b465ee728b)  -> (artifact id: '95aead6e5404b606ae8357ddba26485a') in 0.037512 seconds
Number of updated asset objects reloaded before import = 0
Number of asset objects unloaded after import = 32
========================================================================
Received Import Request.
  Time since last request: 15.264626 seconds.
  path: Assets/Prefab/Minion_Bleu.prefab
  artifactKey: Guid(bdc9f1351661d5940a571ddff632e8a6) Importer(815301076,1909f56bfc062723c751e8b465ee728b)
Start importing Assets/Prefab/Minion_Bleu.prefab using Guid(bdc9f1351661d5940a571ddff632e8a6) Importer(815301076,1909f56bfc062723c751e8b465ee728b)  -> (artifact id: '29a1198d2f22d76f2391e4825da41f0f') in 0.011216 seconds
Number of updated asset objects reloaded before import = 0
Number of asset objects unloaded after import = 32
========================================================================
Received Import Request.
  Time since last request: 3.214886 seconds.
  path: Assets/Prefab/Minion_Bleu.prefab
  artifactKey: Guid(bdc9f1351661d5940a571ddff632e8a6) Importer(815301076,1909f56bfc062723c751e8b465ee728b)
Start importing Assets/Prefab/Minion_Bleu.prefab using Guid(bdc9f1351661d5940a571ddff632e8a6) Importer(815301076,1909f56bfc062723c751e8b465ee728b)  -> (artifact id: '291b169acc58203685fb44c3eb36ec8a') in 0.023492 seconds
Number of updated asset objects reloaded before import = 0
Number of asset objects unloaded after import = 32
========================================================================
Received Prepare
Begin MonoManager ReloadAssembly
- Loaded All Assemblies, in  0.259 seconds
Refreshing native plugins compatible for Editor in 8.21 ms, found 5 plugins.
Native extension for WindowsStandalone target not found
[Package Manager] Server::EnsureServerProcessIsRunning -- launch failed, reason: Unity was launched with the -noUpm command-line argument
[Package Manager] UpmClient::Send -- Unable to send message (not connected to UPM process).
[Package Manager] Cannot connect to Unity Package Manager local server
Mono: successfully reloaded assembly
- Finished resetting the current domain, in  0.725 seconds
Domain Reload Profiling: 982ms
	BeginReloadAssembly (93ms)
		ExecutionOrderSort (0ms)
		DisableScriptedObjects (2ms)
		BackupInstance (0ms)
		ReleaseScriptingObjects (0ms)
		CreateAndSetChildDomain (22ms)
	RebuildCommonClasses (17ms)
	RebuildNativeTypeToScriptingClass (6ms)
	initialDomainReloadingComplete (17ms)
	LoadAllAssembliesAndSetupDomain (123ms)
		LoadAssemblies (163ms)
		RebuildTransferFunctionScriptingTraits (0ms)
		AnalyzeDomain (8ms)
			TypeCache.Refresh (4ms)
				TypeCache.ScanAssembly (0ms)
			ScanForSourceGeneratedMonoScriptInfo (0ms)
			ResolveRequiredComponents (3ms)
	FinalizeReload (725ms)
		ReleaseScriptCaches (0ms)
		RebuildScriptCaches (0ms)
		SetupLoadedEditorAssemblies (378ms)
			LogAssemblyErrors (0ms)
			InitializePlatformSupportModulesInManaged (4ms)
			SetLoadedEditorAssemblies (2ms)
			RefreshPlugins (0ms)
			BeforeProcessingInitializeOnLoad (45ms)
			ProcessInitializeOnLoadAttributes (290ms)
			ProcessInitializeOnLoadMethodAttributes (33ms)
			AfterProcessingInitializeOnLoad (5ms)
			EditorAssembliesLoaded (0ms)
		ExecutionOrderSort2 (0ms)
		AwakeInstancesAfterBackupRestoration (4ms)
Refreshing native plugins compatible for Editor in 9.35 ms, found 5 plugins.
Preloading 0 native plugins for Editor in 0.00 ms.
Unloading 4339 Unused Serialized files (Serialized files now loaded: 0)
Unloading 91 unused Assets / (349.2 KB). Loaded Objects now: 4769.
Memory consumption went from 157.5 MB to 157.2 MB.
Total: 2.154400 ms (FindLiveObjects: 0.150900 ms CreateObjectMapping: 0.085500 ms MarkObjects: 1.824000 ms  DeleteObjects: 0.093300 ms)

Prepare: number of updated asset objects reloaded= 0
AssetImportParameters requested are different than current active one (requested -> active):
  custom:container-demuxer-ogg: 62fdf1f143b41e24485cea50d1cbac27 -> 
  custom:video-decoder-ogg-theora: a1e56fd34408186e4bbccfd4996cb3dc -> 
  custom:framework-win-MediaFoundation: 216162199b28c13a410421893ffa2e32 -> 
  custom:CustomObjectIndexerAttribute: 43b350a4d6e6d1791af0b5038c4bea17 -> 
  custom:container-demuxer-webm: 4f35f7cbe854078d1ac9338744f61a02 -> 
  custom:container-muxer-webm: aa71ff27fc2769a1b78a27578f13a17b -> 
  custom:video-decoder-webm-vp8: 9c59270c3fd7afecdb556c50c9e8de78 -> 
  custom:SearchIndexIgnoredProperties: e643bd26f0fe6173181afceb89e7c659 -> 
  custom:AudioImporter_EditorPlatform: d09bf68614088b80899f8185d706f6e7 -> 
  custom:video-encoder-webm-vp8: eb34c28f22e8b96e1ab97ce403110664 -> 
  custom:audio-decoder-ogg-vorbis: bf7c407c2cedff20999df2af8eb42d56 -> 
  custom:audio-encoder-webm-vorbis: bf7c407c2cedff20999df2af8eb42d56 -> 
========================================================================
Received Prepare
Begin MonoManager ReloadAssembly
- Loaded All Assemblies, in  0.264 seconds
Refreshing native plugins compatible for Editor in 8.09 ms, found 5 plugins.
Native extension for WindowsStandalone target not found
[Package Manager] Server::EnsureServerProcessIsRunning -- launch failed, reason: Unity was launched with the -noUpm command-line argument
[Package Manager] UpmClient::Send -- Unable to send message (not connected to UPM process).
[Package Manager] Cannot connect to Unity Package Manager local server
Mono: successfully reloaded assembly
- Finished resetting the current domain, in  0.776 seconds
Domain Reload Profiling: 1038ms
	BeginReloadAssembly (95ms)
		ExecutionOrderSort (0ms)
		DisableScriptedObjects (2ms)
		BackupInstance (0ms)
		ReleaseScriptingObjects (0ms)
		CreateAndSetChildDomain (21ms)
	RebuildCommonClasses (19ms)
	RebuildNativeTypeToScriptingClass (6ms)
	initialDomainReloadingComplete (16ms)
	LoadAllAssembliesAndSetupDomain (125ms)
		LoadAssemblies (163ms)
		RebuildTransferFunctionScriptingTraits (0ms)
		AnalyzeDomain (8ms)
			TypeCache.Refresh (4ms)
				TypeCache.ScanAssembly (0ms)
			ScanForSourceGeneratedMonoScriptInfo (0ms)
			ResolveRequiredComponents (3ms)
	FinalizeReload (777ms)
		ReleaseScriptCaches (0ms)
		RebuildScriptCaches (0ms)
		SetupLoadedEditorAssemblies (389ms)
			LogAssemblyErrors (0ms)
			InitializePlatformSupportModulesInManaged (4ms)
			SetLoadedEditorAssemblies (2ms)
			RefreshPlugins (0ms)
			BeforeProcessingInitializeOnLoad (46ms)
			ProcessInitializeOnLoadAttributes (296ms)
			ProcessInitializeOnLoadMethodAttributes (35ms)
			AfterProcessingInitializeOnLoad (5ms)
			EditorAssembliesLoaded (0ms)
		ExecutionOrderSort2 (0ms)
		AwakeInstancesAfterBackupRestoration (4ms)
Refreshing native plugins compatible for Editor in 9.10 ms, found 5 plugins.
Preloading 0 native plugins for Editor in 0.00 ms.
Unloading 4340 Unused Serialized files (Serialized files now loaded: 0)
Unloading 91 unused Assets / (349.3 KB). Loaded Objects now: 4772.
Memory consumption went from 159.7 MB to 159.4 MB.
Total: 2.258500 ms (FindLiveObjects: 0.148500 ms CreateObjectMapping: 0.052800 ms MarkObjects: 1.970500 ms  DeleteObjects: 0.086200 ms)

Prepare: number of updated asset objects reloaded= 0
AssetImportParameters requested are different than current active one (requested -> active):
  custom:container-demuxer-ogg: 62fdf1f143b41e24485cea50d1cbac27 -> 
  custom:video-decoder-ogg-theora: a1e56fd34408186e4bbccfd4996cb3dc -> 
  custom:framework-win-MediaFoundation: 216162199b28c13a410421893ffa2e32 -> 
  custom:CustomObjectIndexerAttribute: 43b350a4d6e6d1791af0b5038c4bea17 -> 
  custom:container-demuxer-webm: 4f35f7cbe854078d1ac9338744f61a02 -> 
  custom:container-muxer-webm: aa71ff27fc2769a1b78a27578f13a17b -> 
  custom:video-decoder-webm-vp8: 9c59270c3fd7afecdb556c50c9e8de78 -> 
  custom:SearchIndexIgnoredProperties: e643bd26f0fe6173181afceb89e7c659 -> 
  custom:AudioImporter_EditorPlatform: d09bf68614088b80899f8185d706f6e7 -> 
  custom:video-encoder-webm-vp8: eb34c28f22e8b96e1ab97ce403110664 -> 
  custom:audio-decoder-ogg-vorbis: bf7c407c2cedff20999df2af8eb42d56 -> 
  custom:audio-encoder-webm-vorbis: bf7c407c2cedff20999df2af8eb42d56 -> 
========================================================================
Received Import Request.
  Time since last request: 206.131019 seconds.
  path: Assets/Prefab/Minion_Rouge.prefab
  artifactKey: Guid(845cf51e75145124da9dbf0bc1086712) Importer(815301076,1909f56bfc062723c751e8b465ee728b)
Start importing Assets/Prefab/Minion_Rouge.prefab using Guid(845cf51e75145124da9dbf0bc1086712) Importer(815301076,1909f56bfc062723c751e8b465ee728b)  -> (artifact id: '627aa5c5ca0aa698e5c2f610ff12fe9f') in 0.041945 seconds
Number of updated asset objects reloaded before import = 0
Number of asset objects unloaded after import = 31
========================================================================
Received Import Request.
  Time since last request: 52.081849 seconds.
  path: Assets/Prefab/Minion_Bleu.prefab
  artifactKey: Guid(bdc9f1351661d5940a571ddff632e8a6) Importer(815301076,1909f56bfc062723c751e8b465ee728b)
Start importing Assets/Prefab/Minion_Bleu.prefab using Guid(bdc9f1351661d5940a571ddff632e8a6) Importer(815301076,1909f56bfc062723c751e8b465ee728b)  -> (artifact id: 'e076ec9cbbc0ea8ebc0fabb8a6b28b2f') in 0.019851 seconds
Number of updated asset objects reloaded before import = 0
Number of asset objects unloaded after import = 32
========================================================================
Received Import Request.
  Time since last request: 17.633325 seconds.
  path: Assets/Prefab/Minion_Rouge.prefab
  artifactKey: Guid(845cf51e75145124da9dbf0bc1086712) Importer(815301076,1909f56bfc062723c751e8b465ee728b)
Start importing Assets/Prefab/Minion_Rouge.prefab using Guid(845cf51e75145124da9dbf0bc1086712) Importer(815301076,1909f56bfc062723c751e8b465ee728b)  -> (artifact id: '9c22f0d0b00c26c7b16b8f9261c0328d') in 0.017829 seconds
Number of updated asset objects reloaded before import = 0
Number of asset objects unloaded after import = 31
========================================================================
Received Import Request.
  Time since last request: 5.012493 seconds.
  path: Assets/Prefab/Minion_Rouge.prefab
  artifactKey: Guid(845cf51e75145124da9dbf0bc1086712) Importer(815301076,1909f56bfc062723c751e8b465ee728b)
Start importing Assets/Prefab/Minion_Rouge.prefab using Guid(845cf51e75145124da9dbf0bc1086712) Importer(815301076,1909f56bfc062723c751e8b465ee728b)  -> (artifact id: '0147b9a229c89deee9f54be299f935ba') in 0.013123 seconds
Number of updated asset objects reloaded before import = 0
Number of asset objects unloaded after import = 31
========================================================================
Received Import Request.
  Time since last request: 11.072504 seconds.
  path: Assets/Prefab/Player_Bleu.prefab
  artifactKey: Guid(69f3e9a46836098499e109b27dec3819) Importer(815301076,1909f56bfc062723c751e8b465ee728b)
Start importing Assets/Prefab/Player_Bleu.prefab using Guid(69f3e9a46836098499e109b27dec3819) Importer(815301076,1909f56bfc062723c751e8b465ee728b)  -> (artifact id: '015fe9029ed2f4cbab0b68c97e90f78d') in 0.017457 seconds
Number of updated asset objects reloaded before import = 0
Number of asset objects unloaded after import = 32
========================================================================
Received Import Request.
  Time since last request: 2.591320 seconds.
  path: Assets/Prefab/Player_Bleu.prefab
  artifactKey: Guid(69f3e9a46836098499e109b27dec3819) Importer(815301076,1909f56bfc062723c751e8b465ee728b)
Start importing Assets/Prefab/Player_Bleu.prefab using Guid(69f3e9a46836098499e109b27dec3819) Importer(815301076,1909f56bfc062723c751e8b465ee728b)  -> (artifact id: 'c35ddd1b3637c3824f92deaed23e102a') in 0.047190 seconds
Number of updated asset objects reloaded before import = 0
Number of asset objects unloaded after import = 19
========================================================================
Received Import Request.
  Time since last request: 67.747589 seconds.
  path: Assets/Prefab/Player_Bleu.prefab
  artifactKey: Guid(69f3e9a46836098499e109b27dec3819) Importer(815301076,1909f56bfc062723c751e8b465ee728b)
Start importing Assets/Prefab/Player_Bleu.prefab using Guid(69f3e9a46836098499e109b27dec3819) Importer(815301076,1909f56bfc062723c751e8b465ee728b)  -> (artifact id: '215728611a0198f83cf758b036fb92fb') in 0.014149 seconds
Number of updated asset objects reloaded before import = 0
Number of asset objects unloaded after import = 34
========================================================================
Received Import Request.
  Time since last request: 16.185338 seconds.
  path: Assets/Prefab/Minion_Rouge.prefab
  artifactKey: Guid(845cf51e75145124da9dbf0bc1086712) Importer(815301076,1909f56bfc062723c751e8b465ee728b)
Start importing Assets/Prefab/Minion_Rouge.prefab using Guid(845cf51e75145124da9dbf0bc1086712) Importer(815301076,1909f56bfc062723c751e8b465ee728b)  -> (artifact id: '4cf8a2453ff7f1b52209986b9d1891e9') in 0.011514 seconds
Number of updated asset objects reloaded before import = 0
Number of asset objects unloaded after import = 31
========================================================================
Received Import Request.
  Time since last request: 11.599120 seconds.
  path: Assets/Prefab/Minion_Bleu.prefab
  artifactKey: Guid(bdc9f1351661d5940a571ddff632e8a6) Importer(815301076,1909f56bfc062723c751e8b465ee728b)
Start importing Assets/Prefab/Minion_Bleu.prefab using Guid(bdc9f1351661d5940a571ddff632e8a6) Importer(815301076,1909f56bfc062723c751e8b465ee728b)  -> (artifact id: '1691e324055d07c8e628d8331b6c0034') in 0.006058 seconds
Number of updated asset objects reloaded before import = 0
Number of asset objects unloaded after import = 32
========================================================================
Received Import Request.
  Time since last request: 4.808677 seconds.
  path: Assets/Prefab/Minion_Bleu.prefab
  artifactKey: Guid(bdc9f1351661d5940a571ddff632e8a6) Importer(815301076,1909f56bfc062723c751e8b465ee728b)
Start importing Assets/Prefab/Minion_Bleu.prefab using Guid(bdc9f1351661d5940a571ddff632e8a6) Importer(815301076,1909f56bfc062723c751e8b465ee728b)  -> (artifact id: '78ef43c4aa1d0cf288023451f7ec27dc') in 0.040035 seconds
Number of updated asset objects reloaded before import = 0
Number of asset objects unloaded after import = 32
========================================================================
Received Import Request.
  Time since last request: 10.054654 seconds.
  path: Assets/Prefab/Player_Rouge.prefab
  artifactKey: Guid(c0f7a7d097a1a8145bc70d98e472f579) Importer(815301076,1909f56bfc062723c751e8b465ee728b)
Start importing Assets/Prefab/Player_Rouge.prefab using Guid(c0f7a7d097a1a8145bc70d98e472f579) Importer(815301076,1909f56bfc062723c751e8b465ee728b)  -> (artifact id: '658761287ef71933ecc77c8fe63da2f5') in 0.009976 seconds
Number of updated asset objects reloaded before import = 0
Number of asset objects unloaded after import = 32
========================================================================
Received Import Request.
  Time since last request: 8.065444 seconds.
  path: Assets/Prefab/Player_Rouge.prefab
  artifactKey: Guid(c0f7a7d097a1a8145bc70d98e472f579) Importer(815301076,1909f56bfc062723c751e8b465ee728b)
Start importing Assets/Prefab/Player_Rouge.prefab using Guid(c0f7a7d097a1a8145bc70d98e472f579) Importer(815301076,1909f56bfc062723c751e8b465ee728b)  -> (artifact id: '3b749333912841ccadcf77c922378b83') in 0.015647 seconds
Number of updated asset objects reloaded before import = 0
Number of asset objects unloaded after import = 19
========================================================================
Received Import Request.
  Time since last request: 78.888138 seconds.
  path: Assets/Prefab/Player_Rouge.prefab
  artifactKey: Guid(c0f7a7d097a1a8145bc70d98e472f579) Importer(815301076,1909f56bfc062723c751e8b465ee728b)
Start importing Assets/Prefab/Player_Rouge.prefab using Guid(c0f7a7d097a1a8145bc70d98e472f579) Importer(815301076,1909f56bfc062723c751e8b465ee728b)  -> (artifact id: '037f611db13bb4e64377258b04ad7b9e') in 0.013637 seconds
Number of updated asset objects reloaded before import = 0
Number of asset objects unloaded after import = 34
========================================================================
Received Prepare
Begin MonoManager ReloadAssembly
- Loaded All Assemblies, in  0.272 seconds
Refreshing native plugins compatible for Editor in 8.43 ms, found 5 plugins.
Native extension for WindowsStandalone target not found
[Package Manager] Server::EnsureServerProcessIsRunning -- launch failed, reason: Unity was launched with the -noUpm command-line argument
[Package Manager] UpmClient::Send -- Unable to send message (not connected to UPM process).
[Package Manager] Cannot connect to Unity Package Manager local server
Mono: successfully reloaded assembly
- Finished resetting the current domain, in  0.791 seconds
Domain Reload Profiling: 1060ms
	BeginReloadAssembly (95ms)
		ExecutionOrderSort (0ms)
		DisableScriptedObjects (2ms)
		BackupInstance (0ms)
		ReleaseScriptingObjects (0ms)
		CreateAndSetChildDomain (25ms)
	RebuildCommonClasses (18ms)
	RebuildNativeTypeToScriptingClass (6ms)
	initialDomainReloadingComplete (18ms)
	LoadAllAssembliesAndSetupDomain (133ms)
		LoadAssemblies (171ms)
		RebuildTransferFunctionScriptingTraits (0ms)
		AnalyzeDomain (8ms)
			TypeCache.Refresh (4ms)
				TypeCache.ScanAssembly (0ms)
			ScanForSourceGeneratedMonoScriptInfo (0ms)
			ResolveRequiredComponents (3ms)
	FinalizeReload (791ms)
		ReleaseScriptCaches (0ms)
		RebuildScriptCaches (0ms)
		SetupLoadedEditorAssemblies (389ms)
			LogAssemblyErrors (0ms)
			InitializePlatformSupportModulesInManaged (4ms)
			SetLoadedEditorAssemblies (2ms)
			RefreshPlugins (0ms)
			BeforeProcessingInitializeOnLoad (45ms)
			ProcessInitializeOnLoadAttributes (300ms)
			ProcessInitializeOnLoadMethodAttributes (34ms)
			AfterProcessingInitializeOnLoad (5ms)
			EditorAssembliesLoaded (0ms)
		ExecutionOrderSort2 (0ms)
		AwakeInstancesAfterBackupRestoration (5ms)
Refreshing native plugins compatible for Editor in 9.00 ms, found 5 plugins.
Preloading 0 native plugins for Editor in 0.00 ms.
Unloading 4339 Unused Serialized files (Serialized files now loaded: 0)
Unloading 91 unused Assets / (349.3 KB). Loaded Objects now: 4775.
Memory consumption went from 161.4 MB to 161.1 MB.
Total: 2.094800 ms (FindLiveObjects: 0.157800 ms CreateObjectMapping: 0.054400 ms MarkObjects: 1.792500 ms  DeleteObjects: 0.089400 ms)

Prepare: number of updated asset objects reloaded= 0
AssetImportParameters requested are different than current active one (requested -> active):
  custom:container-demuxer-ogg: 62fdf1f143b41e24485cea50d1cbac27 -> 
  custom:video-decoder-ogg-theora: a1e56fd34408186e4bbccfd4996cb3dc -> 
  custom:framework-win-MediaFoundation: 216162199b28c13a410421893ffa2e32 -> 
  custom:CustomObjectIndexerAttribute: 43b350a4d6e6d1791af0b5038c4bea17 -> 
  custom:container-demuxer-webm: 4f35f7cbe854078d1ac9338744f61a02 -> 
  custom:container-muxer-webm: aa71ff27fc2769a1b78a27578f13a17b -> 
  custom:video-decoder-webm-vp8: 9c59270c3fd7afecdb556c50c9e8de78 -> 
  custom:SearchIndexIgnoredProperties: e643bd26f0fe6173181afceb89e7c659 -> 
  custom:AudioImporter_EditorPlatform: d09bf68614088b80899f8185d706f6e7 -> 
  custom:video-encoder-webm-vp8: eb34c28f22e8b96e1ab97ce403110664 -> 
  custom:audio-decoder-ogg-vorbis: bf7c407c2cedff20999df2af8eb42d56 -> 
  custom:audio-encoder-webm-vorbis: bf7c407c2cedff20999df2af8eb42d56 -> 
========================================================================
Received Import Request.
  Time since last request: 107.365609 seconds.
  path: Assets/Prefab/Player_Bleu.prefab
  artifactKey: Guid(69f3e9a46836098499e109b27dec3819) Importer(815301076,1909f56bfc062723c751e8b465ee728b)
Start importing Assets/Prefab/Player_Bleu.prefab using Guid(69f3e9a46836098499e109b27dec3819) Importer(815301076,1909f56bfc062723c751e8b465ee728b)  -> (artifact id: '8d3617914cc56b98988943aacc10582c') in 0.034769 seconds
Number of updated asset objects reloaded before import = 0
Number of asset objects unloaded after import = 34
========================================================================
Received Prepare
Begin MonoManager ReloadAssembly
- Loaded All Assemblies, in  0.260 seconds
Refreshing native plugins compatible for Editor in 8.26 ms, found 5 plugins.
Native extension for WindowsStandalone target not found
[Package Manager] Server::EnsureServerProcessIsRunning -- launch failed, reason: Unity was launched with the -noUpm command-line argument
[Package Manager] UpmClient::Send -- Unable to send message (not connected to UPM process).
[Package Manager] Cannot connect to Unity Package Manager local server
Mono: successfully reloaded assembly
- Finished resetting the current domain, in  0.807 seconds
Domain Reload Profiling: 1066ms
	BeginReloadAssembly (93ms)
		ExecutionOrderSort (0ms)
		DisableScriptedObjects (2ms)
		BackupInstance (0ms)
		ReleaseScriptingObjects (0ms)
		CreateAndSetChildDomain (22ms)
	RebuildCommonClasses (17ms)
	RebuildNativeTypeToScriptingClass (6ms)
	initialDomainReloadingComplete (17ms)
	LoadAllAssembliesAndSetupDomain (126ms)
		LoadAssemblies (164ms)
		RebuildTransferFunctionScriptingTraits (0ms)
		AnalyzeDomain (8ms)
			TypeCache.Refresh (4ms)
				TypeCache.ScanAssembly (0ms)
			ScanForSourceGeneratedMonoScriptInfo (0ms)
			ResolveRequiredComponents (3ms)
	FinalizeReload (807ms)
		ReleaseScriptCaches (0ms)
		RebuildScriptCaches (0ms)
		SetupLoadedEditorAssemblies (405ms)
			LogAssemblyErrors (0ms)
			InitializePlatformSupportModulesInManaged (5ms)
			SetLoadedEditorAssemblies (2ms)
			RefreshPlugins (0ms)
			BeforeProcessingInitializeOnLoad (46ms)
			ProcessInitializeOnLoadAttributes (309ms)
			ProcessInitializeOnLoadMethodAttributes (38ms)
			AfterProcessingInitializeOnLoad (5ms)
			EditorAssembliesLoaded (0ms)
		ExecutionOrderSort2 (0ms)
		AwakeInstancesAfterBackupRestoration (5ms)
Refreshing native plugins compatible for Editor in 9.04 ms, found 5 plugins.
Preloading 0 native plugins for Editor in 0.00 ms.
Unloading 4339 Unused Serialized files (Serialized files now loaded: 0)
Unloading 91 unused Assets / (349.3 KB). Loaded Objects now: 4778.
Memory consumption went from 163.3 MB to 163.0 MB.
Total: 2.409400 ms (FindLiveObjects: 0.158500 ms CreateObjectMapping: 0.083000 ms MarkObjects: 2.058000 ms  DeleteObjects: 0.109400 ms)

Prepare: number of updated asset objects reloaded= 0
AssetImportParameters requested are different than current active one (requested -> active):
  custom:container-demuxer-ogg: 62fdf1f143b41e24485cea50d1cbac27 -> 
  custom:video-decoder-ogg-theora: a1e56fd34408186e4bbccfd4996cb3dc -> 
  custom:framework-win-MediaFoundation: 216162199b28c13a410421893ffa2e32 -> 
  custom:CustomObjectIndexerAttribute: 43b350a4d6e6d1791af0b5038c4bea17 -> 
  custom:container-demuxer-webm: 4f35f7cbe854078d1ac9338744f61a02 -> 
  custom:container-muxer-webm: aa71ff27fc2769a1b78a27578f13a17b -> 
  custom:video-decoder-webm-vp8: 9c59270c3fd7afecdb556c50c9e8de78 -> 
  custom:SearchIndexIgnoredProperties: e643bd26f0fe6173181afceb89e7c659 -> 
  custom:AudioImporter_EditorPlatform: d09bf68614088b80899f8185d706f6e7 -> 
  custom:video-encoder-webm-vp8: eb34c28f22e8b96e1ab97ce403110664 -> 
  custom:audio-decoder-ogg-vorbis: bf7c407c2cedff20999df2af8eb42d56 -> 
  custom:audio-encoder-webm-vorbis: bf7c407c2cedff20999df2af8eb42d56 -> 
========================================================================
Received Prepare
Begin MonoManager ReloadAssembly
- Loaded All Assemblies, in  0.293 seconds
Refreshing native plugins compatible for Editor in 8.62 ms, found 5 plugins.
Native extension for WindowsStandalone target not found
[Package Manager] Server::EnsureServerProcessIsRunning -- launch failed, reason: Unity was launched with the -noUpm command-line argument
[Package Manager] UpmClient::Send -- Unable to send message (not connected to UPM process).
[Package Manager] Cannot connect to Unity Package Manager local server
Mono: successfully reloaded assembly
- Finished resetting the current domain, in  0.850 seconds
Domain Reload Profiling: 1141ms
	BeginReloadAssembly (109ms)
		ExecutionOrderSort (0ms)
		DisableScriptedObjects (2ms)
		BackupInstance (0ms)
		ReleaseScriptingObjects (0ms)
		CreateAndSetChildDomain (23ms)
	RebuildCommonClasses (18ms)
	RebuildNativeTypeToScriptingClass (6ms)
	initialDomainReloadingComplete (20ms)
	LoadAllAssembliesAndSetupDomain (138ms)
		LoadAssemblies (186ms)
		RebuildTransferFunctionScriptingTraits (0ms)
		AnalyzeDomain (9ms)
			TypeCache.Refresh (5ms)
				TypeCache.ScanAssembly (0ms)
			ScanForSourceGeneratedMonoScriptInfo (0ms)
			ResolveRequiredComponents (3ms)
	FinalizeReload (851ms)
		ReleaseScriptCaches (0ms)
		RebuildScriptCaches (0ms)
		SetupLoadedEditorAssemblies (395ms)
			LogAssemblyErrors (0ms)
			InitializePlatformSupportModulesInManaged (4ms)
			SetLoadedEditorAssemblies (2ms)
			RefreshPlugins (0ms)
			BeforeProcessingInitializeOnLoad (47ms)
			ProcessInitializeOnLoadAttributes (300ms)
			ProcessInitializeOnLoadMethodAttributes (36ms)
			AfterProcessingInitializeOnLoad (5ms)
			EditorAssembliesLoaded (0ms)
		ExecutionOrderSort2 (0ms)
		AwakeInstancesAfterBackupRestoration (5ms)
Refreshing native plugins compatible for Editor in 9.51 ms, found 5 plugins.
Preloading 0 native plugins for Editor in 0.00 ms.
Unloading 4340 Unused Serialized files (Serialized files now loaded: 0)
Unloading 91 unused Assets / (349.4 KB). Loaded Objects now: 4781.
Memory consumption went from 165.5 MB to 165.2 MB.
Total: 2.788200 ms (FindLiveObjects: 0.161400 ms CreateObjectMapping: 0.054500 ms MarkObjects: 2.444900 ms  DeleteObjects: 0.126600 ms)

Prepare: number of updated asset objects reloaded= 0
AssetImportParameters requested are different than current active one (requested -> active):
  custom:container-demuxer-ogg: 62fdf1f143b41e24485cea50d1cbac27 -> 
  custom:video-decoder-ogg-theora: a1e56fd34408186e4bbccfd4996cb3dc -> 
  custom:framework-win-MediaFoundation: 216162199b28c13a410421893ffa2e32 -> 
  custom:CustomObjectIndexerAttribute: 43b350a4d6e6d1791af0b5038c4bea17 -> 
  custom:container-demuxer-webm: 4f35f7cbe854078d1ac9338744f61a02 -> 
  custom:container-muxer-webm: aa71ff27fc2769a1b78a27578f13a17b -> 
  custom:video-decoder-webm-vp8: 9c59270c3fd7afecdb556c50c9e8de78 -> 
  custom:SearchIndexIgnoredProperties: e643bd26f0fe6173181afceb89e7c659 -> 
  custom:AudioImporter_EditorPlatform: d09bf68614088b80899f8185d706f6e7 -> 
  custom:video-encoder-webm-vp8: eb34c28f22e8b96e1ab97ce403110664 -> 
  custom:audio-decoder-ogg-vorbis: bf7c407c2cedff20999df2af8eb42d56 -> 
  custom:audio-encoder-webm-vorbis: bf7c407c2cedff20999df2af8eb42d56 -> 
========================================================================
Received Import Request.
  Time since last request: 3526.130257 seconds.
  path: Assets/Prefab/Minion_Bleu.prefab
  artifactKey: Guid(bdc9f1351661d5940a571ddff632e8a6) Importer(815301076,1909f56bfc062723c751e8b465ee728b)
Start importing Assets/Prefab/Minion_Bleu.prefab using Guid(bdc9f1351661d5940a571ddff632e8a6) Importer(815301076,1909f56bfc062723c751e8b465ee728b)  -> (artifact id: '7b3c29b828200f2f38a47c914810371d') in 0.043412 seconds
Number of updated asset objects reloaded before import = 0
Number of asset objects unloaded after import = 32
========================================================================
Received Import Request.
  Time since last request: 11.584908 seconds.
  path: Assets/Prefab/Minion_Bleu.prefab
  artifactKey: Guid(bdc9f1351661d5940a571ddff632e8a6) Importer(815301076,1909f56bfc062723c751e8b465ee728b)
Start importing Assets/Prefab/Minion_Bleu.prefab using Guid(bdc9f1351661d5940a571ddff632e8a6) Importer(815301076,1909f56bfc062723c751e8b465ee728b)  -> (artifact id: 'b4d1ba1c7bdeccb41ae4b47b1034554f') in 0.015879 seconds
Number of updated asset objects reloaded before import = 0
Number of asset objects unloaded after import = 32
========================================================================
Received Import Request.
  Time since last request: 13.277525 seconds.
  path: Assets/Prefab/Minion_Bleu.prefab
  artifactKey: Guid(bdc9f1351661d5940a571ddff632e8a6) Importer(815301076,1909f56bfc062723c751e8b465ee728b)
Start importing Assets/Prefab/Minion_Bleu.prefab using Guid(bdc9f1351661d5940a571ddff632e8a6) Importer(815301076,1909f56bfc062723c751e8b465ee728b)  -> (artifact id: '3c19ec02d471da9475bfbddef0da0b0e') in 0.028886 seconds
Number of updated asset objects reloaded before import = 0
Number of asset objects unloaded after import = 32
========================================================================
Received Import Request.
  Time since last request: 11.670014 seconds.
  path: Assets/Prefab/Minion_Bleu.prefab
  artifactKey: Guid(bdc9f1351661d5940a571ddff632e8a6) Importer(815301076,1909f56bfc062723c751e8b465ee728b)
Start importing Assets/Prefab/Minion_Bleu.prefab using Guid(bdc9f1351661d5940a571ddff632e8a6) Importer(815301076,1909f56bfc062723c751e8b465ee728b)  -> (artifact id: '1af11a92e0dc3ea1d6f08a71c3e66a96') in 0.053665 seconds
Number of updated asset objects reloaded before import = 0
Number of asset objects unloaded after import = 32
========================================================================
Received Import Request.
  Time since last request: 11.011026 seconds.
  path: Assets/Prefab/Minion_Bleu.prefab
  artifactKey: Guid(bdc9f1351661d5940a571ddff632e8a6) Importer(815301076,1909f56bfc062723c751e8b465ee728b)
Start importing Assets/Prefab/Minion_Bleu.prefab using Guid(bdc9f1351661d5940a571ddff632e8a6) Importer(815301076,1909f56bfc062723c751e8b465ee728b)  -> (artifact id: '223d85f036e08f81a98e9952df43785d') in 0.040338 seconds
Number of updated asset objects reloaded before import = 0
Number of asset objects unloaded after import = 32
========================================================================
Received Import Request.
  Time since last request: 15.064025 seconds.
  path: Assets/Prefab/Minion_Rouge.prefab
  artifactKey: Guid(845cf51e75145124da9dbf0bc1086712) Importer(815301076,1909f56bfc062723c751e8b465ee728b)
Start importing Assets/Prefab/Minion_Rouge.prefab using Guid(845cf51e75145124da9dbf0bc1086712) Importer(815301076,1909f56bfc062723c751e8b465ee728b)  -> (artifact id: '14c7a31e7bda97bf147b6ef62d2d1083') in 0.018830 seconds
Number of updated asset objects reloaded before import = 0
Number of asset objects unloaded after import = 31
========================================================================
Received Import Request.
  Time since last request: 8.637242 seconds.
  path: Assets/Prefab/Minion_Rouge.prefab
  artifactKey: Guid(845cf51e75145124da9dbf0bc1086712) Importer(815301076,1909f56bfc062723c751e8b465ee728b)
Start importing Assets/Prefab/Minion_Rouge.prefab using Guid(845cf51e75145124da9dbf0bc1086712) Importer(815301076,1909f56bfc062723c751e8b465ee728b)  -> (artifact id: '347028c3b6d8184144024fa9f2d90795') in 0.040234 seconds
Number of updated asset objects reloaded before import = 0
Number of asset objects unloaded after import = 31
========================================================================
Received Import Request.
  Time since last request: 12.850890 seconds.
  path: Assets/Prefab/Player_Bleu.prefab
  artifactKey: Guid(69f3e9a46836098499e109b27dec3819) Importer(815301076,1909f56bfc062723c751e8b465ee728b)
Start importing Assets/Prefab/Player_Bleu.prefab using Guid(69f3e9a46836098499e109b27dec3819) Importer(815301076,1909f56bfc062723c751e8b465ee728b)  -> (artifact id: 'e23d9aed46a33aac5978e717b7635bd0') in 0.009261 seconds
Number of updated asset objects reloaded before import = 0
Number of asset objects unloaded after import = 34
========================================================================
Received Import Request.
  Time since last request: 19.527957 seconds.
  path: Assets/Prefab/Player_Bleu.prefab
  artifactKey: Guid(69f3e9a46836098499e109b27dec3819) Importer(815301076,1909f56bfc062723c751e8b465ee728b)
Start importing Assets/Prefab/Player_Bleu.prefab using Guid(69f3e9a46836098499e109b27dec3819) Importer(815301076,1909f56bfc062723c751e8b465ee728b)  -> (artifact id: '20454eb688ec01497d73e7a363e83a61') in 0.009951 seconds
Number of updated asset objects reloaded before import = 0
Number of asset objects unloaded after import = 34
========================================================================
Received Import Request.
  Time since last request: 7.649766 seconds.
  path: Assets/Prefab/Player_Bleu.prefab
  artifactKey: Guid(69f3e9a46836098499e109b27dec3819) Importer(815301076,1909f56bfc062723c751e8b465ee728b)
Start importing Assets/Prefab/Player_Bleu.prefab using Guid(69f3e9a46836098499e109b27dec3819) Importer(815301076,1909f56bfc062723c751e8b465ee728b)  -> (artifact id: 'c9935f9114c42bb9435cdc83f7a9e2a7') in 0.016022 seconds
Number of updated asset objects reloaded before import = 0
Number of asset objects unloaded after import = 34
========================================================================
Received Import Request.
  Time since last request: 23.501007 seconds.
  path: Assets/Prefab/Player_Rouge.prefab
  artifactKey: Guid(c0f7a7d097a1a8145bc70d98e472f579) Importer(815301076,1909f56bfc062723c751e8b465ee728b)
Start importing Assets/Prefab/Player_Rouge.prefab using Guid(c0f7a7d097a1a8145bc70d98e472f579) Importer(815301076,1909f56bfc062723c751e8b465ee728b)  -> (artifact id: 'c6360f1ee025691466a07c947305f011') in 0.012568 seconds
Number of updated asset objects reloaded before import = 0
Number of asset objects unloaded after import = 34
========================================================================
Received Import Request.
  Time since last request: 4.205140 seconds.
  path: Assets/Prefab/Player_Rouge.prefab
  artifactKey: Guid(c0f7a7d097a1a8145bc70d98e472f579) Importer(815301076,1909f56bfc062723c751e8b465ee728b)
Start importing Assets/Prefab/Player_Rouge.prefab using Guid(c0f7a7d097a1a8145bc70d98e472f579) Importer(815301076,1909f56bfc062723c751e8b465ee728b)  -> (artifact id: '2551018415e3fbc86e3f3cfe6d482549') in 0.010621 seconds
Number of updated asset objects reloaded before import = 0
Number of asset objects unloaded after import = 34
========================================================================
Received Import Request.
  Time since last request: 7.858299 seconds.
  path: Assets/Prefab/Player_Rouge.prefab
  artifactKey: Guid(c0f7a7d097a1a8145bc70d98e472f579) Importer(815301076,1909f56bfc062723c751e8b465ee728b)
Start importing Assets/Prefab/Player_Rouge.prefab using Guid(c0f7a7d097a1a8145bc70d98e472f579) Importer(815301076,1909f56bfc062723c751e8b465ee728b)  -> (artifact id: 'a76f3e11b9f7f62d04c1ca4deb6839a2') in 0.017390 seconds
Number of updated asset objects reloaded before import = 0
Number of asset objects unloaded after import = 34
========================================================================
Received Prepare
Begin MonoManager ReloadAssembly
- Loaded All Assemblies, in  0.268 seconds
Refreshing native plugins compatible for Editor in 8.42 ms, found 5 plugins.
Native extension for WindowsStandalone target not found
[Package Manager] Server::EnsureServerProcessIsRunning -- launch failed, reason: Unity was launched with the -noUpm command-line argument
[Package Manager] UpmClient::Send -- Unable to send message (not connected to UPM process).
[Package Manager] Cannot connect to Unity Package Manager local server
Mono: successfully reloaded assembly
- Finished resetting the current domain, in  0.825 seconds
Domain Reload Profiling: 1091ms
	BeginReloadAssembly (92ms)
		ExecutionOrderSort (0ms)
		DisableScriptedObjects (2ms)
		BackupInstance (0ms)
		ReleaseScriptingObjects (0ms)
		CreateAndSetChildDomain (22ms)
	RebuildCommonClasses (18ms)
	RebuildNativeTypeToScriptingClass (6ms)
	initialDomainReloadingComplete (17ms)
	LoadAllAssembliesAndSetupDomain (133ms)
		LoadAssemblies (171ms)
		RebuildTransferFunctionScriptingTraits (0ms)
		AnalyzeDomain (9ms)
			TypeCache.Refresh (4ms)
				TypeCache.ScanAssembly (0ms)
			ScanForSourceGeneratedMonoScriptInfo (0ms)
			ResolveRequiredComponents (3ms)
	FinalizeReload (826ms)
		ReleaseScriptCaches (0ms)
		RebuildScriptCaches (0ms)
		SetupLoadedEditorAssemblies (419ms)
			LogAssemblyErrors (0ms)
			InitializePlatformSupportModulesInManaged (4ms)
			SetLoadedEditorAssemblies (2ms)
			RefreshPlugins (0ms)
			BeforeProcessingInitializeOnLoad (49ms)
			ProcessInitializeOnLoadAttributes (313ms)
			ProcessInitializeOnLoadMethodAttributes (45ms)
			AfterProcessingInitializeOnLoad (5ms)
			EditorAssembliesLoaded (0ms)
		ExecutionOrderSort2 (0ms)
		AwakeInstancesAfterBackupRestoration (5ms)
Refreshing native plugins compatible for Editor in 9.18 ms, found 5 plugins.
Preloading 0 native plugins for Editor in 0.00 ms.
Unloading 4339 Unused Serialized files (Serialized files now loaded: 0)
Unloading 91 unused Assets / (349.3 KB). Loaded Objects now: 4784.
Memory consumption went from 167.2 MB to 166.9 MB.
Total: 2.331700 ms (FindLiveObjects: 0.168600 ms CreateObjectMapping: 0.066300 ms MarkObjects: 1.992600 ms  DeleteObjects: 0.103200 ms)

Prepare: number of updated asset objects reloaded= 0
AssetImportParameters requested are different than current active one (requested -> active):
  custom:container-demuxer-ogg: 62fdf1f143b41e24485cea50d1cbac27 -> 
  custom:video-decoder-ogg-theora: a1e56fd34408186e4bbccfd4996cb3dc -> 
  custom:framework-win-MediaFoundation: 216162199b28c13a410421893ffa2e32 -> 
  custom:CustomObjectIndexerAttribute: 43b350a4d6e6d1791af0b5038c4bea17 -> 
  custom:container-demuxer-webm: 4f35f7cbe854078d1ac9338744f61a02 -> 
  custom:container-muxer-webm: aa71ff27fc2769a1b78a27578f13a17b -> 
  custom:video-decoder-webm-vp8: 9c59270c3fd7afecdb556c50c9e8de78 -> 
  custom:SearchIndexIgnoredProperties: e643bd26f0fe6173181afceb89e7c659 -> 
  custom:AudioImporter_EditorPlatform: d09bf68614088b80899f8185d706f6e7 -> 
  custom:video-encoder-webm-vp8: eb34c28f22e8b96e1ab97ce403110664 -> 
  custom:audio-decoder-ogg-vorbis: bf7c407c2cedff20999df2af8eb42d56 -> 
  custom:audio-encoder-webm-vorbis: bf7c407c2cedff20999df2af8eb42d56 -> 
========================================================================
Received Import Request.
  Time since last request: 25.716702 seconds.
  path: Assets/Prefab/Player_Bleu.prefab
  artifactKey: Guid(69f3e9a46836098499e109b27dec3819) Importer(815301076,1909f56bfc062723c751e8b465ee728b)
Start importing Assets/Prefab/Player_Bleu.prefab using Guid(69f3e9a46836098499e109b27dec3819) Importer(815301076,1909f56bfc062723c751e8b465ee728b)  -> (artifact id: '98355e0b45fce918e4d36f5ae5501848') in 0.045126 seconds
Number of updated asset objects reloaded before import = 0
Number of asset objects unloaded after import = 34
========================================================================
Received Import Request.
  Time since last request: 11.411987 seconds.
  path: Assets/Prefab/Player_Bleu.prefab
  artifactKey: Guid(69f3e9a46836098499e109b27dec3819) Importer(815301076,1909f56bfc062723c751e8b465ee728b)
Start importing Assets/Prefab/Player_Bleu.prefab using Guid(69f3e9a46836098499e109b27dec3819) Importer(815301076,1909f56bfc062723c751e8b465ee728b)  -> (artifact id: 'b0332ed75f83b19f4de049197e4bfcf4') in 0.009437 seconds
Number of updated asset objects reloaded before import = 0
Number of asset objects unloaded after import = 34
========================================================================
Received Import Request.
  Time since last request: 8.456854 seconds.
  path: Assets/Prefab/Player_Bleu.prefab
  artifactKey: Guid(69f3e9a46836098499e109b27dec3819) Importer(815301076,1909f56bfc062723c751e8b465ee728b)
Start importing Assets/Prefab/Player_Bleu.prefab using Guid(69f3e9a46836098499e109b27dec3819) Importer(815301076,1909f56bfc062723c751e8b465ee728b)  -> (artifact id: '31ab597df47320bcedbac77bc80a5cd4') in 0.014476 seconds
Number of updated asset objects reloaded before import = 0
Number of asset objects unloaded after import = 34
========================================================================
Received Import Request.
  Time since last request: 11.642236 seconds.
  path: Assets/Prefab/Player_Bleu.prefab
  artifactKey: Guid(69f3e9a46836098499e109b27dec3819) Importer(815301076,1909f56bfc062723c751e8b465ee728b)
Start importing Assets/Prefab/Player_Bleu.prefab using Guid(69f3e9a46836098499e109b27dec3819) Importer(815301076,1909f56bfc062723c751e8b465ee728b)  -> (artifact id: '68135b8284dbd394309c7691aaaa871f') in 0.008068 seconds
Number of updated asset objects reloaded before import = 0
Number of asset objects unloaded after import = 34
========================================================================
Received Import Request.
  Time since last request: 6.443238 seconds.
  path: Assets/Prefab/Player_Bleu.prefab
  artifactKey: Guid(69f3e9a46836098499e109b27dec3819) Importer(815301076,1909f56bfc062723c751e8b465ee728b)
Start importing Assets/Prefab/Player_Bleu.prefab using Guid(69f3e9a46836098499e109b27dec3819) Importer(815301076,1909f56bfc062723c751e8b465ee728b)  -> (artifact id: 'fe16e2cfe0604326f73dd6064bec84da') in 0.054825 seconds
Number of updated asset objects reloaded before import = 0
Number of asset objects unloaded after import = 34
========================================================================
Received Import Request.
  Time since last request: 3.972794 seconds.
  path: Assets/Prefab/Player_Bleu.prefab
  artifactKey: Guid(69f3e9a46836098499e109b27dec3819) Importer(815301076,1909f56bfc062723c751e8b465ee728b)
Start importing Assets/Prefab/Player_Bleu.prefab using Guid(69f3e9a46836098499e109b27dec3819) Importer(815301076,1909f56bfc062723c751e8b465ee728b)  -> (artifact id: 'eab8bb8d5daedc2a0f51a97c88a74f76') in 0.013718 seconds
Number of updated asset objects reloaded before import = 0
Number of asset objects unloaded after import = 34
========================================================================
Received Import Request.
  Time since last request: 14.679229 seconds.
  path: Assets/Prefab/Player_Rouge.prefab
  artifactKey: Guid(c0f7a7d097a1a8145bc70d98e472f579) Importer(815301076,1909f56bfc062723c751e8b465ee728b)
Start importing Assets/Prefab/Player_Rouge.prefab using Guid(c0f7a7d097a1a8145bc70d98e472f579) Importer(815301076,1909f56bfc062723c751e8b465ee728b)  -> (artifact id: '1a5707ac9667872f5299ea7a9c739d59') in 0.011680 seconds
Number of updated asset objects reloaded before import = 0
Number of asset objects unloaded after import = 34
========================================================================
Received Import Request.
  Time since last request: 3.201677 seconds.
  path: Assets/Prefab/Player_Rouge.prefab
  artifactKey: Guid(c0f7a7d097a1a8145bc70d98e472f579) Importer(815301076,1909f56bfc062723c751e8b465ee728b)
Start importing Assets/Prefab/Player_Rouge.prefab using Guid(c0f7a7d097a1a8145bc70d98e472f579) Importer(815301076,1909f56bfc062723c751e8b465ee728b)  -> (artifact id: '3f8e0339aa68d4c9ecd8cb6db5e59ceb') in 0.048383 seconds
Number of updated asset objects reloaded before import = 0
Number of asset objects unloaded after import = 34
========================================================================
Received Import Request.
  Time since last request: 3.581549 seconds.
  path: Assets/Prefab/Player_Rouge.prefab
  artifactKey: Guid(c0f7a7d097a1a8145bc70d98e472f579) Importer(815301076,1909f56bfc062723c751e8b465ee728b)
Start importing Assets/Prefab/Player_Rouge.prefab using Guid(c0f7a7d097a1a8145bc70d98e472f579) Importer(815301076,1909f56bfc062723c751e8b465ee728b)  -> (artifact id: '56fdf26e0e13a1bbf81bf46b6b3a12f0') in 0.025490 seconds
Number of updated asset objects reloaded before import = 0
Number of asset objects unloaded after import = 34
========================================================================
Received Import Request.
  Time since last request: 107.129244 seconds.
  path: Assets/Prefab/reine bleue.prefab
  artifactKey: Guid(fc7a578103012194cbf9747a7cdac861) Importer(815301076,1909f56bfc062723c751e8b465ee728b)
Start importing Assets/Prefab/reine bleue.prefab using Guid(fc7a578103012194cbf9747a7cdac861) Importer(815301076,1909f56bfc062723c751e8b465ee728b)  -> (artifact id: 'c51ead521d375bc2cfb87ef7d6dea88e') in 0.009240 seconds
Number of updated asset objects reloaded before import = 0
Number of asset objects unloaded after import = 7
========================================================================
Received Import Request.
  Time since last request: 2.699990 seconds.
  path: Assets/Prefab/reine rouge.prefab
  artifactKey: Guid(665af299399b1fb4b950c3893846ff1b) Importer(815301076,1909f56bfc062723c751e8b465ee728b)
Start importing Assets/Prefab/reine rouge.prefab using Guid(665af299399b1fb4b950c3893846ff1b) Importer(815301076,1909f56bfc062723c751e8b465ee728b)  -> (artifact id: 'fb1ec289db48c3cfa58652b6360472fb') in 0.009647 seconds
Number of updated asset objects reloaded before import = 0
Number of asset objects unloaded after import = 7
========================================================================
Received Import Request.
  Time since last request: 170.827496 seconds.
  path: Assets/Prefab/reine bleue.prefab
  artifactKey: Guid(fc7a578103012194cbf9747a7cdac861) Importer(815301076,1909f56bfc062723c751e8b465ee728b)
Start importing Assets/Prefab/reine bleue.prefab using Guid(fc7a578103012194cbf9747a7cdac861) Importer(815301076,1909f56bfc062723c751e8b465ee728b)  -> (artifact id: 'e30ddfe8c40ffb2668e46d73735a5ba4') in 0.015584 seconds
Number of updated asset objects reloaded before import = 0
Number of asset objects unloaded after import = 17
========================================================================
Received Import Request.
  Time since last request: 23.404385 seconds.
  path: Assets/Prefab/reine rouge.prefab
  artifactKey: Guid(665af299399b1fb4b950c3893846ff1b) Importer(815301076,1909f56bfc062723c751e8b465ee728b)
Start importing Assets/Prefab/reine rouge.prefab using Guid(665af299399b1fb4b950c3893846ff1b) Importer(815301076,1909f56bfc062723c751e8b465ee728b)  -> (artifact id: '0ad2abc5723d494ca1c12b95f985e3f0') in 0.008804 seconds
Number of updated asset objects reloaded before import = 0
Number of asset objects unloaded after import = 7
========================================================================
Received Import Request.
  Time since last request: 0.003847 seconds.
  path: Assets/Prefab/reine bleue.prefab
  artifactKey: Guid(fc7a578103012194cbf9747a7cdac861) Importer(815301076,1909f56bfc062723c751e8b465ee728b)
Start importing Assets/Prefab/reine bleue.prefab using Guid(fc7a578103012194cbf9747a7cdac861) Importer(815301076,1909f56bfc062723c751e8b465ee728b)  -> (artifact id: '62804a1b2ffa91ed00555f971d35f1da') in 0.007468 seconds
Number of updated asset objects reloaded before import = 0
Number of asset objects unloaded after import = 7
========================================================================
Received Import Request.
  Time since last request: 11.154878 seconds.
  path: Assets/Prefab/reine bleue.prefab
  artifactKey: Guid(fc7a578103012194cbf9747a7cdac861) Importer(815301076,1909f56bfc062723c751e8b465ee728b)
Start importing Assets/Prefab/reine bleue.prefab using Guid(fc7a578103012194cbf9747a7cdac861) Importer(815301076,1909f56bfc062723c751e8b465ee728b)  -> (artifact id: '27c54c1d240dddb93d2b7ce63b1c0d47') in 0.049870 seconds
Number of updated asset objects reloaded before import = 0
Number of asset objects unloaded after import = 7
========================================================================
Received Import Request.
  Time since last request: 15.238354 seconds.
  path: Assets/Prefab/reine rouge.prefab
  artifactKey: Guid(665af299399b1fb4b950c3893846ff1b) Importer(815301076,1909f56bfc062723c751e8b465ee728b)
Start importing Assets/Prefab/reine rouge.prefab using Guid(665af299399b1fb4b950c3893846ff1b) Importer(815301076,1909f56bfc062723c751e8b465ee728b)  -> (artifact id: '41b9f331a6ddf236ab304ee89cbb1073') in 0.023806 seconds
Number of updated asset objects reloaded before import = 0
Number of asset objects unloaded after import = 7
========================================================================
Received Import Request.
  Time since last request: 170.482714 seconds.
  path: Assets/Prefab/reine bleue.prefab
  artifactKey: Guid(fc7a578103012194cbf9747a7cdac861) Importer(815301076,1909f56bfc062723c751e8b465ee728b)
Start importing Assets/Prefab/reine bleue.prefab using Guid(fc7a578103012194cbf9747a7cdac861) Importer(815301076,1909f56bfc062723c751e8b465ee728b)  -> (artifact id: '12cf3541bf139661ce972e3e68516812') in 0.012772 seconds
Number of updated asset objects reloaded before import = 0
Number of asset objects unloaded after import = 17
