Using pre-set license
Built from '2022.3/staging' branch; Version is '2022.3.16f1 (d2c21f0ef2f1) revision 13812255'; Using compiler version '192829333'; Build Type 'Release'
OS: 'Windows 11  (10.0.22631) 64bit Core' Language: 'fr' Physical Memory: 16022 MB
BatchMode: 1, IsHumanControllingUs: 0, StartBugReporterOnCrash: 0, Is64bit: 1, IsPro: 1

COMMAND LINE ARGUMENTS:
C:\Program Files\Unity\Hub\Editor\2022.3.16f1\Editor\Unity.exe
-adb2
-batchMode
-noUpm
-name
AssetImportWorker2
-projectPath
C:/Users/Gotinne/Desktop/semestre2/2Sem2Ann2
-logFile
Logs/AssetImportWorker2.log
-srvPort
53972
Successfully changed project path to: C:/Users/Gotinne/Desktop/semestre2/2Sem2Ann2
C:/Users/Gotinne/Desktop/semestre2/2Sem2Ann2
[UnityMemory] Configuration Parameters - Can be set up in boot.config
    "memorysetup-bucket-allocator-granularity=16"
    "memorysetup-bucket-allocator-bucket-count=8"
    "memorysetup-bucket-allocator-block-size=33554432"
    "memorysetup-bucket-allocator-block-count=8"
    "memorysetup-main-allocator-block-size=16777216"
    "memorysetup-thread-allocator-block-size=16777216"
    "memorysetup-gfx-main-allocator-block-size=16777216"
    "memorysetup-gfx-thread-allocator-block-size=16777216"
    "memorysetup-cache-allocator-block-size=4194304"
    "memorysetup-typetree-allocator-block-size=2097152"
    "memorysetup-profiler-bucket-allocator-granularity=16"
    "memorysetup-profiler-bucket-allocator-bucket-count=8"
    "memorysetup-profiler-bucket-allocator-block-size=33554432"
    "memorysetup-profiler-bucket-allocator-block-count=8"
    "memorysetup-profiler-allocator-block-size=16777216"
    "memorysetup-profiler-editor-allocator-block-size=1048576"
    "memorysetup-temp-allocator-size-main=16777216"
    "memorysetup-job-temp-allocator-block-size=2097152"
    "memorysetup-job-temp-allocator-block-size-background=1048576"
    "memorysetup-job-temp-allocator-reduction-small-platforms=262144"
    "memorysetup-allocator-temp-initial-block-size-main=262144"
    "memorysetup-allocator-temp-initial-block-size-worker=262144"
    "memorysetup-temp-allocator-size-background-worker=32768"
    "memorysetup-temp-allocator-size-job-worker=262144"
    "memorysetup-temp-allocator-size-preload-manager=33554432"
    "memorysetup-temp-allocator-size-nav-mesh-worker=65536"
    "memorysetup-temp-allocator-size-audio-worker=65536"
    "memorysetup-temp-allocator-size-cloud-worker=32768"
    "memorysetup-temp-allocator-size-gi-baking-worker=262144"
    "memorysetup-temp-allocator-size-gfx=262144"
Player connection [22256] Host "[IP] 10.242.159.245 [Port] 0 [Flags] 2 [Guid] 254159757 [EditorId] 254159757 [Version] 1048832 [Id] WindowsEditor(7,Goacticus) [Debug] 1 [PackageName] WindowsEditor [ProjectName] Editor" joined multi-casting on [225.0.0.222:54997]...

Player connection [22256] Host "[IP] 10.242.159.245 [Port] 0 [Flags] 2 [Guid] 254159757 [EditorId] 254159757 [Version] 1048832 [Id] WindowsEditor(7,Goacticus) [Debug] 1 [PackageName] WindowsEditor [ProjectName] Editor" joined alternative multi-casting on [225.0.0.222:34997]...

[Physics::Module] Initialized MultithreadedJobDispatcher with 11 workers.
Refreshing native plugins compatible for Editor in 22.93 ms, found 5 plugins.
Preloading 0 native plugins for Editor in 0.00 ms.
Initialize engine version: 2022.3.16f1 (d2c21f0ef2f1)
[Subsystems] Discovering subsystems at path C:/Program Files/Unity/Hub/Editor/2022.3.16f1/Editor/Data/Resources/UnitySubsystems
[Subsystems] Discovering subsystems at path C:/Users/Gotinne/Desktop/semestre2/2Sem2Ann2/Assets
GfxDevice: creating device client; threaded=0; jobified=0
Direct3D:
    Version:  Direct3D 11.0 [level 11.1]
    Renderer: NVIDIA GeForce RTX 3060 Laptop GPU (ID=0x2520)
    Vendor:   NVIDIA
    VRAM:     5996 MB
    Driver:   31.0.15.5212
Initialize mono
Mono path[0] = 'C:/Program Files/Unity/Hub/Editor/2022.3.16f1/Editor/Data/Managed'
Mono path[1] = 'C:/Program Files/Unity/Hub/Editor/2022.3.16f1/Editor/Data/MonoBleedingEdge/lib/mono/unityjit-win32'
Mono config path = 'C:/Program Files/Unity/Hub/Editor/2022.3.16f1/Editor/Data/MonoBleedingEdge/etc'
Using monoOptions --debugger-agent=transport=dt_socket,embedding=1,server=y,suspend=n,address=127.0.0.1:56548
Begin MonoManager ReloadAssembly
Registering precompiled unity dll's ...
Register platform support module: C:/Program Files/Unity/Hub/Editor/2022.3.16f1/Editor/Data/PlaybackEngines/WindowsStandaloneSupport/UnityEditor.WindowsStandalone.Extensions.dll
Registered in 0.006176 seconds.
- Loaded All Assemblies, in  0.300 seconds
Native extension for WindowsStandalone target not found
Mono: successfully reloaded assembly
- Finished resetting the current domain, in  0.219 seconds
Domain Reload Profiling: 517ms
	BeginReloadAssembly (111ms)
		ExecutionOrderSort (0ms)
		DisableScriptedObjects (0ms)
		BackupInstance (0ms)
		ReleaseScriptingObjects (0ms)
		CreateAndSetChildDomain (1ms)
	RebuildCommonClasses (29ms)
	RebuildNativeTypeToScriptingClass (9ms)
	initialDomainReloadingComplete (47ms)
	LoadAllAssembliesAndSetupDomain (103ms)
		LoadAssemblies (108ms)
		RebuildTransferFunctionScriptingTraits (0ms)
		AnalyzeDomain (101ms)
			TypeCache.Refresh (100ms)
				TypeCache.ScanAssembly (90ms)
			ScanForSourceGeneratedMonoScriptInfo (0ms)
			ResolveRequiredComponents (0ms)
	FinalizeReload (219ms)
		ReleaseScriptCaches (0ms)
		RebuildScriptCaches (0ms)
		SetupLoadedEditorAssemblies (170ms)
			LogAssemblyErrors (0ms)
			InitializePlatformSupportModulesInManaged (7ms)
			SetLoadedEditorAssemblies (7ms)
			RefreshPlugins (0ms)
			BeforeProcessingInitializeOnLoad (2ms)
			ProcessInitializeOnLoadAttributes (116ms)
			ProcessInitializeOnLoadMethodAttributes (39ms)
			AfterProcessingInitializeOnLoad (0ms)
			EditorAssembliesLoaded (0ms)
		ExecutionOrderSort2 (0ms)
		AwakeInstancesAfterBackupRestoration (0ms)
========================================================================
Worker process is ready to serve import requests
Begin MonoManager ReloadAssembly
- Loaded All Assemblies, in  0.552 seconds
Refreshing native plugins compatible for Editor in 13.55 ms, found 5 plugins.
Native extension for WindowsStandalone target not found
Package Manager log level set to [2]
[Package Manager] Server::EnsureServerProcessIsRunning -- launch failed, reason: Unity was launched with the -noUpm command-line argument
[Package Manager] UpmClient::Send -- Unable to send message (not connected to UPM process).
[Package Manager] Cannot connect to Unity Package Manager local server
Mono: successfully reloaded assembly
- Finished resetting the current domain, in  0.526 seconds
Domain Reload Profiling: 1076ms
	BeginReloadAssembly (115ms)
		ExecutionOrderSort (0ms)
		DisableScriptedObjects (4ms)
		BackupInstance (0ms)
		ReleaseScriptingObjects (0ms)
		CreateAndSetChildDomain (18ms)
	RebuildCommonClasses (26ms)
	RebuildNativeTypeToScriptingClass (8ms)
	initialDomainReloadingComplete (32ms)
	LoadAllAssembliesAndSetupDomain (370ms)
		LoadAssemblies (251ms)
		RebuildTransferFunctionScriptingTraits (0ms)
		AnalyzeDomain (185ms)
			TypeCache.Refresh (163ms)
				TypeCache.ScanAssembly (149ms)
			ScanForSourceGeneratedMonoScriptInfo (17ms)
			ResolveRequiredComponents (4ms)
	FinalizeReload (526ms)
		ReleaseScriptCaches (0ms)
		RebuildScriptCaches (0ms)
		SetupLoadedEditorAssemblies (395ms)
			LogAssemblyErrors (0ms)
			InitializePlatformSupportModulesInManaged (5ms)
			SetLoadedEditorAssemblies (3ms)
			RefreshPlugins (0ms)
			BeforeProcessingInitializeOnLoad (60ms)
			ProcessInitializeOnLoadAttributes (267ms)
			ProcessInitializeOnLoadMethodAttributes (54ms)
			AfterProcessingInitializeOnLoad (6ms)
			EditorAssembliesLoaded (0ms)
		ExecutionOrderSort2 (0ms)
		AwakeInstancesAfterBackupRestoration (6ms)
Launched and connected shader compiler UnityShaderCompiler.exe after 0.04 seconds
Refreshing native plugins compatible for Editor in 13.26 ms, found 5 plugins.
Preloading 0 native plugins for Editor in 0.00 ms.
Unloading 4357 Unused Serialized files (Serialized files now loaded: 0)
Unloading 103 unused Assets / (377.6 KB). Loaded Objects now: 4756.
Memory consumption went from 154.2 MB to 153.8 MB.
Total: 3.107800 ms (FindLiveObjects: 0.321900 ms CreateObjectMapping: 0.132400 ms MarkObjects: 2.464300 ms  DeleteObjects: 0.188000 ms)

AssetImportParameters requested are different than current active one (requested -> active):
  custom:container-demuxer-ogg: 62fdf1f143b41e24485cea50d1cbac27 -> 
  custom:video-codec-MediaFoundation-h265: 746d11721c4dcdbdad8f713fa42b33f4 -> 
  custom:video-decoder-ogg-theora: a1e56fd34408186e4bbccfd4996cb3dc -> 
  custom:framework-win-MediaFoundation: 216162199b28c13a410421893ffa2e32 -> 
  custom:CustomObjectIndexerAttribute: 43b350a4d6e6d1791af0b5038c4bea17 -> 
  custom:container-demuxer-webm: 4f35f7cbe854078d1ac9338744f61a02 -> 
  custom:container-muxer-webm: aa71ff27fc2769a1b78a27578f13a17b -> 
  custom:video-decoder-webm-vp8: 9c59270c3fd7afecdb556c50c9e8de78 -> 
  custom:SearchIndexIgnoredProperties: e643bd26f0fe6173181afceb89e7c659 -> 
  custom:AudioImporter_EditorPlatform: d09bf68614088b80899f8185d706f6e7 -> 
  custom:video-encoder-webm-vp8: eb34c28f22e8b96e1ab97ce403110664 -> 
  custom:audio-decoder-ogg-vorbis: bf7c407c2cedff20999df2af8eb42d56 -> 
  custom:audio-encoder-webm-vorbis: bf7c407c2cedff20999df2af8eb42d56 -> 
========================================================================
Received Import Request.
  Time since last request: 94565.457873 seconds.
  path: Assets/Prefab/Balise_Bleu.prefab
  artifactKey: Guid(c2eb60361b6e856429e0138024331e1b) Importer(815301076,1909f56bfc062723c751e8b465ee728b)
Start importing Assets/Prefab/Balise_Bleu.prefab using Guid(c2eb60361b6e856429e0138024331e1b) Importer(815301076,1909f56bfc062723c751e8b465ee728b)  -> (artifact id: '3c5e4d63ddf3fc293c8851cc90666add') in 0.085291 seconds
Number of updated asset objects reloaded before import = 0
Number of asset objects unloaded after import = 13
========================================================================
Received Import Request.
  Time since last request: 360.541188 seconds.
  path: Assets/Prefab/Balise
  artifactKey: Guid(98a1711dfa4cd98449603448633c9131) Importer(815301076,1909f56bfc062723c751e8b465ee728b)
Start importing Assets/Prefab/Balise using Guid(98a1711dfa4cd98449603448633c9131) Importer(815301076,1909f56bfc062723c751e8b465ee728b)  -> (artifact id: '11f55e996bc9ee74eb7c51cd00da6524') in 0.001585 seconds
Number of updated asset objects reloaded before import = 0
Number of asset objects unloaded after import = 0
========================================================================
Received Import Request.
  Time since last request: 0.075103 seconds.
  path: Assets/Prefab/Balise/Balise_Bleu.prefab
  artifactKey: Guid(17cfe7618aa6ba3458eb49b19c5448cc) Importer(815301076,1909f56bfc062723c751e8b465ee728b)
Start importing Assets/Prefab/Balise/Balise_Bleu.prefab using Guid(17cfe7618aa6ba3458eb49b19c5448cc) Importer(815301076,1909f56bfc062723c751e8b465ee728b)  -> (artifact id: '082a6bd7c4445a42c9af8cf76a657c42') in 0.019574 seconds
Number of updated asset objects reloaded before import = 0
Number of asset objects unloaded after import = 8
========================================================================
Received Import Request.
  Time since last request: 0.000039 seconds.
  path: Assets/Prefab/Balise/Balise_Bleu_Regen.prefab
  artifactKey: Guid(802f57ea93721194da73437b234da535) Importer(815301076,1909f56bfc062723c751e8b465ee728b)
Start importing Assets/Prefab/Balise/Balise_Bleu_Regen.prefab using Guid(802f57ea93721194da73437b234da535) Importer(815301076,1909f56bfc062723c751e8b465ee728b)  -> (artifact id: '07ad5288afbcbe24f9901d268a8276a2') in 0.010784 seconds
Number of updated asset objects reloaded before import = 0
Number of asset objects unloaded after import = 8
========================================================================
Received Import Request.
  Time since last request: 22.441988 seconds.
  path: Assets/Prefab/Spawner_Bleu.prefab
  artifactKey: Guid(de129d03eea05f74b882dd8366278574) Importer(815301076,1909f56bfc062723c751e8b465ee728b)
Start importing Assets/Prefab/Spawner_Bleu.prefab using Guid(de129d03eea05f74b882dd8366278574) Importer(815301076,1909f56bfc062723c751e8b465ee728b)  -> (artifact id: '259adb22dcbc2420b649ee9dab5e78e1') in 0.019328 seconds
Number of updated asset objects reloaded before import = 0
Number of asset objects unloaded after import = 57
========================================================================
Received Import Request.
  Time since last request: 2.779630 seconds.
  path: Assets/Prefab/Spawner_Rouge.prefab
  artifactKey: Guid(3d1d01a6d82e3ee4a9a2cc2ae85ef2f8) Importer(815301076,1909f56bfc062723c751e8b465ee728b)
Start importing Assets/Prefab/Spawner_Rouge.prefab using Guid(3d1d01a6d82e3ee4a9a2cc2ae85ef2f8) Importer(815301076,1909f56bfc062723c751e8b465ee728b)  -> (artifact id: '838fce5030d504fc5177480a95fc5206') in 0.017645 seconds
Number of updated asset objects reloaded before import = 0
Number of asset objects unloaded after import = 58
========================================================================
Received Import Request.
  Time since last request: 26.393903 seconds.
  path: Assets/Prefab/Spawner_Bleu.prefab
  artifactKey: Guid(de129d03eea05f74b882dd8366278574) Importer(815301076,1909f56bfc062723c751e8b465ee728b)
Start importing Assets/Prefab/Spawner_Bleu.prefab using Guid(de129d03eea05f74b882dd8366278574) Importer(815301076,1909f56bfc062723c751e8b465ee728b)  -> (artifact id: '21489389bf5e71b4b596dd70e47c8396') in 0.012670 seconds
Number of updated asset objects reloaded before import = 0
Number of asset objects unloaded after import = 57
========================================================================
Received Import Request.
  Time since last request: 0.578361 seconds.
  path: Assets/Prefab/Spawner_Bleu.prefab
  artifactKey: Guid(de129d03eea05f74b882dd8366278574) Importer(815301076,1909f56bfc062723c751e8b465ee728b)
Start importing Assets/Prefab/Spawner_Bleu.prefab using Guid(de129d03eea05f74b882dd8366278574) Importer(815301076,1909f56bfc062723c751e8b465ee728b)  -> (artifact id: '1c1649e77f390f2b7df7c039f8b4574d') in 0.009757 seconds
Number of updated asset objects reloaded before import = 0
Number of asset objects unloaded after import = 57
========================================================================
Received Import Request.
  Time since last request: 1.808830 seconds.
  path: Assets/Prefab/Spawner_Bleu.prefab
  artifactKey: Guid(de129d03eea05f74b882dd8366278574) Importer(815301076,1909f56bfc062723c751e8b465ee728b)
Start importing Assets/Prefab/Spawner_Bleu.prefab using Guid(de129d03eea05f74b882dd8366278574) Importer(815301076,1909f56bfc062723c751e8b465ee728b)  -> (artifact id: '0e82e711165b4a94d2a80a41437d43bf') in 0.008521 seconds
Number of updated asset objects reloaded before import = 0
Number of asset objects unloaded after import = 57
========================================================================
Received Import Request.
  Time since last request: 1.198361 seconds.
  path: Assets/Prefab/Spawner_Bleu.prefab
  artifactKey: Guid(de129d03eea05f74b882dd8366278574) Importer(815301076,1909f56bfc062723c751e8b465ee728b)
Start importing Assets/Prefab/Spawner_Bleu.prefab using Guid(de129d03eea05f74b882dd8366278574) Importer(815301076,1909f56bfc062723c751e8b465ee728b)  -> (artifact id: '97a03b84ff4a0ab41bbeab95619d6a29') in 0.008454 seconds
Number of updated asset objects reloaded before import = 0
Number of asset objects unloaded after import = 57
========================================================================
Received Import Request.
  Time since last request: 12.957171 seconds.
  path: Assets/Prefab/Spawner_Rouge.prefab
  artifactKey: Guid(3d1d01a6d82e3ee4a9a2cc2ae85ef2f8) Importer(815301076,1909f56bfc062723c751e8b465ee728b)
Start importing Assets/Prefab/Spawner_Rouge.prefab using Guid(3d1d01a6d82e3ee4a9a2cc2ae85ef2f8) Importer(815301076,1909f56bfc062723c751e8b465ee728b)  -> (artifact id: 'b8f161de3ad19b7116efd3c8e1aa6b22') in 0.007675 seconds
Number of updated asset objects reloaded before import = 0
Number of asset objects unloaded after import = 58
========================================================================
Received Import Request.
  Time since last request: 1.193969 seconds.
  path: Assets/Prefab/Spawner_Rouge.prefab
  artifactKey: Guid(3d1d01a6d82e3ee4a9a2cc2ae85ef2f8) Importer(815301076,1909f56bfc062723c751e8b465ee728b)
Start importing Assets/Prefab/Spawner_Rouge.prefab using Guid(3d1d01a6d82e3ee4a9a2cc2ae85ef2f8) Importer(815301076,1909f56bfc062723c751e8b465ee728b)  -> (artifact id: 'b21f8ac4fda1b38720fe1e63daa913bf') in 0.008993 seconds
Number of updated asset objects reloaded before import = 0
Number of asset objects unloaded after import = 58
========================================================================
Received Import Request.
  Time since last request: 1.194082 seconds.
  path: Assets/Prefab/Spawner_Rouge.prefab
  artifactKey: Guid(3d1d01a6d82e3ee4a9a2cc2ae85ef2f8) Importer(815301076,1909f56bfc062723c751e8b465ee728b)
Start importing Assets/Prefab/Spawner_Rouge.prefab using Guid(3d1d01a6d82e3ee4a9a2cc2ae85ef2f8) Importer(815301076,1909f56bfc062723c751e8b465ee728b)  -> (artifact id: '3e94fcea6499e72e145eeb9e16558165') in 0.006868 seconds
Number of updated asset objects reloaded before import = 0
Number of asset objects unloaded after import = 58
========================================================================
Received Import Request.
  Time since last request: 9.941429 seconds.
  path: Assets/Prefab/Spawner_Rouge.prefab
  artifactKey: Guid(3d1d01a6d82e3ee4a9a2cc2ae85ef2f8) Importer(815301076,1909f56bfc062723c751e8b465ee728b)
Start importing Assets/Prefab/Spawner_Rouge.prefab using Guid(3d1d01a6d82e3ee4a9a2cc2ae85ef2f8) Importer(815301076,1909f56bfc062723c751e8b465ee728b)  -> (artifact id: '60eadbbbd10a2f1c3abf66fc554a8bf6') in 0.008526 seconds
Number of updated asset objects reloaded before import = 0
Number of asset objects unloaded after import = 58
========================================================================
Received Import Request.
  Time since last request: 1.998900 seconds.
  path: Assets/Prefab/Spawner_Rouge.prefab
  artifactKey: Guid(3d1d01a6d82e3ee4a9a2cc2ae85ef2f8) Importer(815301076,1909f56bfc062723c751e8b465ee728b)
Start importing Assets/Prefab/Spawner_Rouge.prefab using Guid(3d1d01a6d82e3ee4a9a2cc2ae85ef2f8) Importer(815301076,1909f56bfc062723c751e8b465ee728b)  -> (artifact id: '63c7f227993fcb867762a3eff2902e29') in 0.008702 seconds
Number of updated asset objects reloaded before import = 0
Number of asset objects unloaded after import = 58
========================================================================
Received Import Request.
  Time since last request: 14.494855 seconds.
  path: Assets/Prefab/Minion_Bleu.prefab
  artifactKey: Guid(bdc9f1351661d5940a571ddff632e8a6) Importer(815301076,1909f56bfc062723c751e8b465ee728b)
Start importing Assets/Prefab/Minion_Bleu.prefab using Guid(bdc9f1351661d5940a571ddff632e8a6) Importer(815301076,1909f56bfc062723c751e8b465ee728b)  -> (artifact id: '4834a30e286912304fedd19b54734265') in 0.051565 seconds
Number of updated asset objects reloaded before import = 0
Number of asset objects unloaded after import = 21
========================================================================
Received Import Request.
  Time since last request: 0.000019 seconds.
  path: Assets/Prefab/Spawner_Rouge.prefab
  artifactKey: Guid(3d1d01a6d82e3ee4a9a2cc2ae85ef2f8) Importer(815301076,1909f56bfc062723c751e8b465ee728b)
Start importing Assets/Prefab/Spawner_Rouge.prefab using Guid(3d1d01a6d82e3ee4a9a2cc2ae85ef2f8) Importer(815301076,1909f56bfc062723c751e8b465ee728b)  -> (artifact id: '4b9b2e67decae44f735ade4d4704a4c7') in 0.007701 seconds
Number of updated asset objects reloaded before import = 0
Number of asset objects unloaded after import = 48
========================================================================
Received Import Request.
  Time since last request: 0.000034 seconds.
  path: Assets/Prefab/Spawner_Bleu.prefab
  artifactKey: Guid(de129d03eea05f74b882dd8366278574) Importer(815301076,1909f56bfc062723c751e8b465ee728b)
Start importing Assets/Prefab/Spawner_Bleu.prefab using Guid(de129d03eea05f74b882dd8366278574) Importer(815301076,1909f56bfc062723c751e8b465ee728b)  -> (artifact id: 'e8664c97c53dee99019699cd6c4464ac') in 0.007913 seconds
Number of updated asset objects reloaded before import = 0
Number of asset objects unloaded after import = 47
========================================================================
Received Import Request.
  Time since last request: 17.389408 seconds.
  path: Assets/Prefab/Minion_Bleu.prefab
  artifactKey: Guid(bdc9f1351661d5940a571ddff632e8a6) Importer(815301076,1909f56bfc062723c751e8b465ee728b)
Start importing Assets/Prefab/Minion_Bleu.prefab using Guid(bdc9f1351661d5940a571ddff632e8a6) Importer(815301076,1909f56bfc062723c751e8b465ee728b)  -> (artifact id: 'e8f173b912a822ad5ea12c007a328b09') in 0.007619 seconds
Number of updated asset objects reloaded before import = 0
Number of asset objects unloaded after import = 18
========================================================================
Received Import Request.
  Time since last request: 3.018720 seconds.
  path: Assets/Prefab/Minion_Rouge.prefab
  artifactKey: Guid(845cf51e75145124da9dbf0bc1086712) Importer(815301076,1909f56bfc062723c751e8b465ee728b)
Start importing Assets/Prefab/Minion_Rouge.prefab using Guid(845cf51e75145124da9dbf0bc1086712) Importer(815301076,1909f56bfc062723c751e8b465ee728b)  -> (artifact id: '5dd1132f715a792a59f13c1a05a134c9') in 0.007619 seconds
Number of updated asset objects reloaded before import = 0
Number of asset objects unloaded after import = 17
========================================================================
Received Import Request.
  Time since last request: 2.610943 seconds.
  path: Assets/Prefab/Minion_Rouge.prefab
  artifactKey: Guid(845cf51e75145124da9dbf0bc1086712) Importer(815301076,1909f56bfc062723c751e8b465ee728b)
Start importing Assets/Prefab/Minion_Rouge.prefab using Guid(845cf51e75145124da9dbf0bc1086712) Importer(815301076,1909f56bfc062723c751e8b465ee728b)  -> (artifact id: '7272d24c23cefc38051ff3e50bbf9803') in 0.006201 seconds
Number of updated asset objects reloaded before import = 0
Number of asset objects unloaded after import = 17
========================================================================
Received Import Request.
  Time since last request: 6.690395 seconds.
  path: Assets/Prefab/Minion_Bleu.prefab
  artifactKey: Guid(bdc9f1351661d5940a571ddff632e8a6) Importer(815301076,1909f56bfc062723c751e8b465ee728b)
Start importing Assets/Prefab/Minion_Bleu.prefab using Guid(bdc9f1351661d5940a571ddff632e8a6) Importer(815301076,1909f56bfc062723c751e8b465ee728b)  -> (artifact id: '136e4f496afcd762f253039de2345383') in 0.007534 seconds
Number of updated asset objects reloaded before import = 0
Number of asset objects unloaded after import = 18
========================================================================
Received Import Request.
  Time since last request: 4.630753 seconds.
  path: Assets/Prefab/Balise_Bleu.prefab
  artifactKey: Guid(c2eb60361b6e856429e0138024331e1b) Importer(815301076,1909f56bfc062723c751e8b465ee728b)
Start importing Assets/Prefab/Balise_Bleu.prefab using Guid(c2eb60361b6e856429e0138024331e1b) Importer(815301076,1909f56bfc062723c751e8b465ee728b)  -> (artifact id: '9a52dc3962b815dc6d30f8fb98be2dc6') in 0.004728 seconds
Number of updated asset objects reloaded before import = 0
Number of asset objects unloaded after import = 13
========================================================================
Received Import Request.
  Time since last request: 12.996604 seconds.
  path: Assets/Prefab/Balise/Balise_Bleu 1.prefab
  artifactKey: Guid(64ff92fd319e7ff44aa015cc19597dcf) Importer(815301076,1909f56bfc062723c751e8b465ee728b)
Start importing Assets/Prefab/Balise/Balise_Bleu 1.prefab using Guid(64ff92fd319e7ff44aa015cc19597dcf) Importer(815301076,1909f56bfc062723c751e8b465ee728b)  -> (artifact id: '570c1f8f9c8a92a596717b2bf69b6362') in 0.005798 seconds
Number of updated asset objects reloaded before import = 0
Number of asset objects unloaded after import = 8
========================================================================
Received Import Request.
  Time since last request: 11.199580 seconds.
  path: Assets/Prefab/Balise/Balise_Bleu_Attaque.prefab
  artifactKey: Guid(64ff92fd319e7ff44aa015cc19597dcf) Importer(815301076,1909f56bfc062723c751e8b465ee728b)
Start importing Assets/Prefab/Balise/Balise_Bleu_Attaque.prefab using Guid(64ff92fd319e7ff44aa015cc19597dcf) Importer(815301076,1909f56bfc062723c751e8b465ee728b)  -> (artifact id: 'c3fba77da7d358b79c58a69529dba263') in 0.006266 seconds
Number of updated asset objects reloaded before import = 0
Number of asset objects unloaded after import = 8
========================================================================
Received Import Request.
  Time since last request: 9.574949 seconds.
  path: Assets/Prefab/Balise/Balise_Rouge 1.prefab
  artifactKey: Guid(4b4b1db4cce3ff64c8b9db3d0d44f764) Importer(815301076,1909f56bfc062723c751e8b465ee728b)
Start importing Assets/Prefab/Balise/Balise_Rouge 1.prefab using Guid(4b4b1db4cce3ff64c8b9db3d0d44f764) Importer(815301076,1909f56bfc062723c751e8b465ee728b)  -> (artifact id: 'a833f585b8b75ec48e4d0336d0e87d2d') in 0.006232 seconds
Number of updated asset objects reloaded before import = 0
Number of asset objects unloaded after import = 10
========================================================================
Received Import Request.
  Time since last request: 2.329673 seconds.
  path: Assets/Prefab/Balise/Balise_Rouge 2.prefab
  artifactKey: Guid(16a80d4b1e8bfc343a3ece5287bcb2f2) Importer(815301076,1909f56bfc062723c751e8b465ee728b)
Start importing Assets/Prefab/Balise/Balise_Rouge 2.prefab using Guid(16a80d4b1e8bfc343a3ece5287bcb2f2) Importer(815301076,1909f56bfc062723c751e8b465ee728b)  -> (artifact id: '21f0802a6be14869d70df0bdc1fcc1be') in 0.006631 seconds
Number of updated asset objects reloaded before import = 0
Number of asset objects unloaded after import = 10
========================================================================
Received Import Request.
  Time since last request: 0.956012 seconds.
  path: Assets/Prefab/Balise/Balise_Rouge 3.prefab
  artifactKey: Guid(05208d323c497cb4f8f4cd8a9a24e577) Importer(815301076,1909f56bfc062723c751e8b465ee728b)
Start importing Assets/Prefab/Balise/Balise_Rouge 3.prefab using Guid(05208d323c497cb4f8f4cd8a9a24e577) Importer(815301076,1909f56bfc062723c751e8b465ee728b)  -> (artifact id: '74afd9cbbe0e6560f88a110aeba19e4f') in 0.006353 seconds
Number of updated asset objects reloaded before import = 0
Number of asset objects unloaded after import = 10
========================================================================
Received Import Request.
  Time since last request: 44.825531 seconds.
  path: Assets/Prefab/Balise/Balise_Rouge_Attaque.prefab
  artifactKey: Guid(4b4b1db4cce3ff64c8b9db3d0d44f764) Importer(815301076,1909f56bfc062723c751e8b465ee728b)
Start importing Assets/Prefab/Balise/Balise_Rouge_Attaque.prefab using Guid(4b4b1db4cce3ff64c8b9db3d0d44f764) Importer(815301076,1909f56bfc062723c751e8b465ee728b)  -> (artifact id: '22d59869334a531f8de4e84f4ba7036e') in 0.007640 seconds
Number of updated asset objects reloaded before import = 0
Number of asset objects unloaded after import = 10
========================================================================
Received Import Request.
  Time since last request: 11.643781 seconds.
  path: Assets/Prefab/Balise/Balise_Rouge_Bouclier.prefab
  artifactKey: Guid(16a80d4b1e8bfc343a3ece5287bcb2f2) Importer(815301076,1909f56bfc062723c751e8b465ee728b)
Start importing Assets/Prefab/Balise/Balise_Rouge_Bouclier.prefab using Guid(16a80d4b1e8bfc343a3ece5287bcb2f2) Importer(815301076,1909f56bfc062723c751e8b465ee728b)  -> (artifact id: 'ed4e3df6c8fdbd0f2dab7a34db9184f2') in 0.007544 seconds
Number of updated asset objects reloaded before import = 0
Number of asset objects unloaded after import = 10
========================================================================
Received Import Request.
  Time since last request: 8.842631 seconds.
  path: Assets/Prefab/Balise/Balise_Rouge_Regen.prefab
  artifactKey: Guid(05208d323c497cb4f8f4cd8a9a24e577) Importer(815301076,1909f56bfc062723c751e8b465ee728b)
Start importing Assets/Prefab/Balise/Balise_Rouge_Regen.prefab using Guid(05208d323c497cb4f8f4cd8a9a24e577) Importer(815301076,1909f56bfc062723c751e8b465ee728b)  -> (artifact id: 'a7e520009a98ebdf4348842403f4c91f') in 0.008168 seconds
Number of updated asset objects reloaded before import = 0
Number of asset objects unloaded after import = 10
========================================================================
Received Import Request.
  Time since last request: 14.370221 seconds.
  path: Assets/Prefab/Balise/Balise_Rouge_Attaque.prefab
  artifactKey: Guid(4b4b1db4cce3ff64c8b9db3d0d44f764) Importer(815301076,1909f56bfc062723c751e8b465ee728b)
Start importing Assets/Prefab/Balise/Balise_Rouge_Attaque.prefab using Guid(4b4b1db4cce3ff64c8b9db3d0d44f764) Importer(815301076,1909f56bfc062723c751e8b465ee728b)  -> (artifact id: '03234f767faf5ac227c2d963fc4302c3') in 0.005748 seconds
Number of updated asset objects reloaded before import = 0
Number of asset objects unloaded after import = 9
========================================================================
Received Import Request.
  Time since last request: 4.312536 seconds.
  path: Assets/Prefab/Balise/Balise_Rouge_Attaque.prefab
  artifactKey: Guid(4b4b1db4cce3ff64c8b9db3d0d44f764) Importer(815301076,1909f56bfc062723c751e8b465ee728b)
Start importing Assets/Prefab/Balise/Balise_Rouge_Attaque.prefab using Guid(4b4b1db4cce3ff64c8b9db3d0d44f764) Importer(815301076,1909f56bfc062723c751e8b465ee728b)  -> (artifact id: 'e5062668bd609364426b999de4b6196e') in 0.008294 seconds
Number of updated asset objects reloaded before import = 0
Number of asset objects unloaded after import = 10
========================================================================
Received Import Request.
  Time since last request: 8.117693 seconds.
  path: Assets/Prefab/Balise/Balise_Bleu_Attaque.prefab
  artifactKey: Guid(64ff92fd319e7ff44aa015cc19597dcf) Importer(815301076,1909f56bfc062723c751e8b465ee728b)
Start importing Assets/Prefab/Balise/Balise_Bleu_Attaque.prefab using Guid(64ff92fd319e7ff44aa015cc19597dcf) Importer(815301076,1909f56bfc062723c751e8b465ee728b)  -> (artifact id: '0e3366b495426b56b06e6399197a364a') in 0.007197 seconds
Number of updated asset objects reloaded before import = 0
Number of asset objects unloaded after import = 7
========================================================================
Received Import Request.
  Time since last request: 3.213540 seconds.
  path: Assets/Prefab/Balise/Balise_Bleu_Attaque.prefab
  artifactKey: Guid(64ff92fd319e7ff44aa015cc19597dcf) Importer(815301076,1909f56bfc062723c751e8b465ee728b)
Start importing Assets/Prefab/Balise/Balise_Bleu_Attaque.prefab using Guid(64ff92fd319e7ff44aa015cc19597dcf) Importer(815301076,1909f56bfc062723c751e8b465ee728b)  -> (artifact id: 'fc3ec52f1a55e35276d374f373394eed') in 0.006348 seconds
Number of updated asset objects reloaded before import = 0
Number of asset objects unloaded after import = 8
========================================================================
Received Import Request.
  Time since last request: 13.039308 seconds.
  path: Assets/Prefab/Balise/Balise_Bleu_Attaque.prefab
  artifactKey: Guid(64ff92fd319e7ff44aa015cc19597dcf) Importer(815301076,1909f56bfc062723c751e8b465ee728b)
Start importing Assets/Prefab/Balise/Balise_Bleu_Attaque.prefab using Guid(64ff92fd319e7ff44aa015cc19597dcf) Importer(815301076,1909f56bfc062723c751e8b465ee728b)  -> (artifact id: 'aa7e961293a6b492c35a5c15a6588c83') in 0.006162 seconds
Number of updated asset objects reloaded before import = 0
Number of asset objects unloaded after import = 8
========================================================================
Received Import Request.
  Time since last request: 1.989070 seconds.
  path: Assets/Prefab/Balise/Balise_Rouge_Attaque.prefab
  artifactKey: Guid(4b4b1db4cce3ff64c8b9db3d0d44f764) Importer(815301076,1909f56bfc062723c751e8b465ee728b)
Start importing Assets/Prefab/Balise/Balise_Rouge_Attaque.prefab using Guid(4b4b1db4cce3ff64c8b9db3d0d44f764) Importer(815301076,1909f56bfc062723c751e8b465ee728b)  -> (artifact id: '8d2926d3682ff9104c8d713f2637a7ca') in 0.007637 seconds
Number of updated asset objects reloaded before import = 0
Number of asset objects unloaded after import = 10
========================================================================
Received Import Request.
  Time since last request: 0.182967 seconds.
  path: Assets/Prefab/Balise/Balise_Rouge_Attaque.prefab
  artifactKey: Guid(4b4b1db4cce3ff64c8b9db3d0d44f764) Importer(815301076,1909f56bfc062723c751e8b465ee728b)
Start importing Assets/Prefab/Balise/Balise_Rouge_Attaque.prefab using Guid(4b4b1db4cce3ff64c8b9db3d0d44f764) Importer(815301076,1909f56bfc062723c751e8b465ee728b)  -> (artifact id: '060a3f9209e36e50a79c7f3eb3d2435e') in 0.008227 seconds
Number of updated asset objects reloaded before import = 0
Number of asset objects unloaded after import = 10
========================================================================
Received Import Request.
  Time since last request: 4.877288 seconds.
  path: Assets/Prefab/Balise/Balise_Rouge_Bouclier.prefab
  artifactKey: Guid(16a80d4b1e8bfc343a3ece5287bcb2f2) Importer(815301076,1909f56bfc062723c751e8b465ee728b)
Start importing Assets/Prefab/Balise/Balise_Rouge_Bouclier.prefab using Guid(16a80d4b1e8bfc343a3ece5287bcb2f2) Importer(815301076,1909f56bfc062723c751e8b465ee728b)  -> (artifact id: '1a1392fe2fc2d9fbe97375d2a9369e34') in 0.006428 seconds
Number of updated asset objects reloaded before import = 0
Number of asset objects unloaded after import = 9
========================================================================
Received Import Request.
  Time since last request: 4.627729 seconds.
  path: Assets/Prefab/Balise/Balise_Rouge_Bouclier.prefab
  artifactKey: Guid(16a80d4b1e8bfc343a3ece5287bcb2f2) Importer(815301076,1909f56bfc062723c751e8b465ee728b)
Start importing Assets/Prefab/Balise/Balise_Rouge_Bouclier.prefab using Guid(16a80d4b1e8bfc343a3ece5287bcb2f2) Importer(815301076,1909f56bfc062723c751e8b465ee728b)  -> (artifact id: '06b162cbc51109f7a183810bfea00350') in 0.006644 seconds
Number of updated asset objects reloaded before import = 0
Number of asset objects unloaded after import = 10
========================================================================
Received Import Request.
  Time since last request: 4.232340 seconds.
  path: Assets/Prefab/Balise/Balise_Rouge_Bouclier.prefab
  artifactKey: Guid(16a80d4b1e8bfc343a3ece5287bcb2f2) Importer(815301076,1909f56bfc062723c751e8b465ee728b)
Start importing Assets/Prefab/Balise/Balise_Rouge_Bouclier.prefab using Guid(16a80d4b1e8bfc343a3ece5287bcb2f2) Importer(815301076,1909f56bfc062723c751e8b465ee728b)  -> (artifact id: '655ace18795d4abe77b7a7308ba5c2b0') in 0.008439 seconds
Number of updated asset objects reloaded before import = 0
Number of asset objects unloaded after import = 10
========================================================================
Received Import Request.
  Time since last request: 0.199885 seconds.
  path: Assets/Prefab/Balise/Balise_Rouge_Bouclier.prefab
  artifactKey: Guid(16a80d4b1e8bfc343a3ece5287bcb2f2) Importer(815301076,1909f56bfc062723c751e8b465ee728b)
Start importing Assets/Prefab/Balise/Balise_Rouge_Bouclier.prefab using Guid(16a80d4b1e8bfc343a3ece5287bcb2f2) Importer(815301076,1909f56bfc062723c751e8b465ee728b)  -> (artifact id: '5fb5c69b8b6cc37cf8d14c3b54fede42') in 0.006261 seconds
Number of updated asset objects reloaded before import = 0
Number of asset objects unloaded after import = 10
========================================================================
Received Import Request.
  Time since last request: 5.640744 seconds.
  path: Assets/Prefab/Balise/Balise_Rouge_Bouclier.prefab
  artifactKey: Guid(16a80d4b1e8bfc343a3ece5287bcb2f2) Importer(815301076,1909f56bfc062723c751e8b465ee728b)
Start importing Assets/Prefab/Balise/Balise_Rouge_Bouclier.prefab using Guid(16a80d4b1e8bfc343a3ece5287bcb2f2) Importer(815301076,1909f56bfc062723c751e8b465ee728b)  -> (artifact id: '047cdb10a5e3002e0e138ac3b85a6220') in 0.007527 seconds
Number of updated asset objects reloaded before import = 0
Number of asset objects unloaded after import = 10
========================================================================
Received Import Request.
  Time since last request: 0.195403 seconds.
  path: Assets/Prefab/Balise/Balise_Rouge_Bouclier.prefab
  artifactKey: Guid(16a80d4b1e8bfc343a3ece5287bcb2f2) Importer(815301076,1909f56bfc062723c751e8b465ee728b)
Start importing Assets/Prefab/Balise/Balise_Rouge_Bouclier.prefab using Guid(16a80d4b1e8bfc343a3ece5287bcb2f2) Importer(815301076,1909f56bfc062723c751e8b465ee728b)  -> (artifact id: '7585f980fb29399a7e02413d3fed7477') in 0.007352 seconds
Number of updated asset objects reloaded before import = 0
Number of asset objects unloaded after import = 10
========================================================================
Received Import Request.
  Time since last request: 2.612288 seconds.
  path: Assets/Prefab/Balise/Balise_Rouge_Bouclier.prefab
  artifactKey: Guid(16a80d4b1e8bfc343a3ece5287bcb2f2) Importer(815301076,1909f56bfc062723c751e8b465ee728b)
Start importing Assets/Prefab/Balise/Balise_Rouge_Bouclier.prefab using Guid(16a80d4b1e8bfc343a3ece5287bcb2f2) Importer(815301076,1909f56bfc062723c751e8b465ee728b)  -> (artifact id: 'cd1414d29e811301fab3c4bf0719968e') in 0.007892 seconds
Number of updated asset objects reloaded before import = 0
Number of asset objects unloaded after import = 10
========================================================================
Received Import Request.
  Time since last request: 15.390426 seconds.
  path: Assets/Prefab/Balise/Balise_Bleu_Bouclier.prefab
  artifactKey: Guid(66a47fa6085e0a24691a016307fee003) Importer(815301076,1909f56bfc062723c751e8b465ee728b)
Start importing Assets/Prefab/Balise/Balise_Bleu_Bouclier.prefab using Guid(66a47fa6085e0a24691a016307fee003) Importer(815301076,1909f56bfc062723c751e8b465ee728b)  -> (artifact id: 'fc919de3e356b5253cd2e43da56d91b2') in 0.006782 seconds
Number of updated asset objects reloaded before import = 0
Number of asset objects unloaded after import = 9
========================================================================
Received Import Request.
  Time since last request: 4.417467 seconds.
  path: Assets/Prefab/Balise/Balise_Bleu_Bouclier.prefab
  artifactKey: Guid(66a47fa6085e0a24691a016307fee003) Importer(815301076,1909f56bfc062723c751e8b465ee728b)
Start importing Assets/Prefab/Balise/Balise_Bleu_Bouclier.prefab using Guid(66a47fa6085e0a24691a016307fee003) Importer(815301076,1909f56bfc062723c751e8b465ee728b)  -> (artifact id: '9b8e4a94e9751aa1bc02aba684064a36') in 0.006700 seconds
Number of updated asset objects reloaded before import = 0
Number of asset objects unloaded after import = 9
========================================================================
Received Import Request.
  Time since last request: 0.195052 seconds.
  path: Assets/Prefab/Balise/Balise_Bleu_Bouclier.prefab
  artifactKey: Guid(66a47fa6085e0a24691a016307fee003) Importer(815301076,1909f56bfc062723c751e8b465ee728b)
Start importing Assets/Prefab/Balise/Balise_Bleu_Bouclier.prefab using Guid(66a47fa6085e0a24691a016307fee003) Importer(815301076,1909f56bfc062723c751e8b465ee728b)  -> (artifact id: 'be3f854c2dac4288ad0878233aab0d00') in 0.007297 seconds
Number of updated asset objects reloaded before import = 0
Number of asset objects unloaded after import = 9
========================================================================
Received Import Request.
  Time since last request: 1.207317 seconds.
  path: Assets/Prefab/Balise/Balise_Bleu_Bouclier.prefab
  artifactKey: Guid(66a47fa6085e0a24691a016307fee003) Importer(815301076,1909f56bfc062723c751e8b465ee728b)
Start importing Assets/Prefab/Balise/Balise_Bleu_Bouclier.prefab using Guid(66a47fa6085e0a24691a016307fee003) Importer(815301076,1909f56bfc062723c751e8b465ee728b)  -> (artifact id: '33423b4cfb4185b58bc744b8be6c01bb') in 0.008318 seconds
Number of updated asset objects reloaded before import = 0
Number of asset objects unloaded after import = 9
========================================================================
Received Import Request.
  Time since last request: 5.655158 seconds.
  path: Assets/Prefab/Balise/Balise_Rouge_Bouclier.prefab
  artifactKey: Guid(16a80d4b1e8bfc343a3ece5287bcb2f2) Importer(815301076,1909f56bfc062723c751e8b465ee728b)
Start importing Assets/Prefab/Balise/Balise_Rouge_Bouclier.prefab using Guid(16a80d4b1e8bfc343a3ece5287bcb2f2) Importer(815301076,1909f56bfc062723c751e8b465ee728b)  -> (artifact id: 'cc55851e8cfeca9c59e59f9c5ef19055') in 0.005450 seconds
Number of updated asset objects reloaded before import = 0
Number of asset objects unloaded after import = 10
========================================================================
Received Import Request.
  Time since last request: 3.398196 seconds.
  path: Assets/Prefab/Balise/Balise_Rouge_Regen.prefab
  artifactKey: Guid(05208d323c497cb4f8f4cd8a9a24e577) Importer(815301076,1909f56bfc062723c751e8b465ee728b)
Start importing Assets/Prefab/Balise/Balise_Rouge_Regen.prefab using Guid(05208d323c497cb4f8f4cd8a9a24e577) Importer(815301076,1909f56bfc062723c751e8b465ee728b)  -> (artifact id: 'b54477e4e3e710816be0198e6a2a1134') in 0.006958 seconds
Number of updated asset objects reloaded before import = 0
Number of asset objects unloaded after import = 9
========================================================================
Received Import Request.
  Time since last request: 3.226903 seconds.
  path: Assets/Prefab/Balise/Balise_Rouge_Regen.prefab
  artifactKey: Guid(05208d323c497cb4f8f4cd8a9a24e577) Importer(815301076,1909f56bfc062723c751e8b465ee728b)
Start importing Assets/Prefab/Balise/Balise_Rouge_Regen.prefab using Guid(05208d323c497cb4f8f4cd8a9a24e577) Importer(815301076,1909f56bfc062723c751e8b465ee728b)  -> (artifact id: '7224e1dda25cbf3727b59bcaac1c5b57') in 0.006727 seconds
Number of updated asset objects reloaded before import = 0
Number of asset objects unloaded after import = 10
========================================================================
Received Import Request.
  Time since last request: 2.771911 seconds.
  path: Assets/Prefab/Balise/Balise_Rouge_Regen.prefab
  artifactKey: Guid(05208d323c497cb4f8f4cd8a9a24e577) Importer(815301076,1909f56bfc062723c751e8b465ee728b)
Start importing Assets/Prefab/Balise/Balise_Rouge_Regen.prefab using Guid(05208d323c497cb4f8f4cd8a9a24e577) Importer(815301076,1909f56bfc062723c751e8b465ee728b)  -> (artifact id: '9600a8d53c29a865330669e70d5a9958') in 0.015220 seconds
Number of updated asset objects reloaded before import = 0
Number of asset objects unloaded after import = 10
========================================================================
Received Import Request.
  Time since last request: 4.017581 seconds.
  path: Assets/Prefab/Balise/Balise_Rouge_Regen.prefab
  artifactKey: Guid(05208d323c497cb4f8f4cd8a9a24e577) Importer(815301076,1909f56bfc062723c751e8b465ee728b)
Start importing Assets/Prefab/Balise/Balise_Rouge_Regen.prefab using Guid(05208d323c497cb4f8f4cd8a9a24e577) Importer(815301076,1909f56bfc062723c751e8b465ee728b)  -> (artifact id: '5b8cf38edbf4b767191a375c035923ae') in 0.008215 seconds
Number of updated asset objects reloaded before import = 0
Number of asset objects unloaded after import = 10
========================================================================
Received Import Request.
  Time since last request: 1.402992 seconds.
  path: Assets/Prefab/Balise/Balise_Rouge_Regen.prefab
  artifactKey: Guid(05208d323c497cb4f8f4cd8a9a24e577) Importer(815301076,1909f56bfc062723c751e8b465ee728b)
Start importing Assets/Prefab/Balise/Balise_Rouge_Regen.prefab using Guid(05208d323c497cb4f8f4cd8a9a24e577) Importer(815301076,1909f56bfc062723c751e8b465ee728b)  -> (artifact id: '9f83309ab10e756d874bd71fb824e0a1') in 0.008133 seconds
Number of updated asset objects reloaded before import = 0
Number of asset objects unloaded after import = 10
========================================================================
Received Import Request.
  Time since last request: 3.231870 seconds.
  path: Assets/Prefab/Balise/Balise_Rouge_Regen.prefab
  artifactKey: Guid(05208d323c497cb4f8f4cd8a9a24e577) Importer(815301076,1909f56bfc062723c751e8b465ee728b)
Start importing Assets/Prefab/Balise/Balise_Rouge_Regen.prefab using Guid(05208d323c497cb4f8f4cd8a9a24e577) Importer(815301076,1909f56bfc062723c751e8b465ee728b)  -> (artifact id: 'efd0f8e4dec8a544a064c19b3eb53a6f') in 0.008355 seconds
Number of updated asset objects reloaded before import = 0
Number of asset objects unloaded after import = 10
========================================================================
Received Import Request.
  Time since last request: 0.802108 seconds.
  path: Assets/Prefab/Balise/Balise_Rouge_Regen.prefab
  artifactKey: Guid(05208d323c497cb4f8f4cd8a9a24e577) Importer(815301076,1909f56bfc062723c751e8b465ee728b)
Start importing Assets/Prefab/Balise/Balise_Rouge_Regen.prefab using Guid(05208d323c497cb4f8f4cd8a9a24e577) Importer(815301076,1909f56bfc062723c751e8b465ee728b)  -> (artifact id: '77adfb877ef648a9a5c4852db2ebef2b') in 0.007060 seconds
Number of updated asset objects reloaded before import = 0
Number of asset objects unloaded after import = 10
========================================================================
Received Import Request.
  Time since last request: 0.206790 seconds.
  path: Assets/Prefab/Balise/Balise_Rouge_Regen.prefab
  artifactKey: Guid(05208d323c497cb4f8f4cd8a9a24e577) Importer(815301076,1909f56bfc062723c751e8b465ee728b)
Start importing Assets/Prefab/Balise/Balise_Rouge_Regen.prefab using Guid(05208d323c497cb4f8f4cd8a9a24e577) Importer(815301076,1909f56bfc062723c751e8b465ee728b)  -> (artifact id: '47c6a6cf4e1af881dda4e56d1d03d2b8') in 0.006531 seconds
Number of updated asset objects reloaded before import = 0
Number of asset objects unloaded after import = 10
========================================================================
Received Import Request.
  Time since last request: 10.133957 seconds.
  path: Assets/Prefab/Balise/Balise_Rouge_Regen.prefab
  artifactKey: Guid(05208d323c497cb4f8f4cd8a9a24e577) Importer(815301076,1909f56bfc062723c751e8b465ee728b)
Start importing Assets/Prefab/Balise/Balise_Rouge_Regen.prefab using Guid(05208d323c497cb4f8f4cd8a9a24e577) Importer(815301076,1909f56bfc062723c751e8b465ee728b)  -> (artifact id: '95541899da53d3990350a844064ef120') in 0.007934 seconds
Number of updated asset objects reloaded before import = 0
Number of asset objects unloaded after import = 10
========================================================================
Received Import Request.
  Time since last request: 0.187033 seconds.
  path: Assets/Prefab/Balise/Balise_Rouge_Regen.prefab
  artifactKey: Guid(05208d323c497cb4f8f4cd8a9a24e577) Importer(815301076,1909f56bfc062723c751e8b465ee728b)
Start importing Assets/Prefab/Balise/Balise_Rouge_Regen.prefab using Guid(05208d323c497cb4f8f4cd8a9a24e577) Importer(815301076,1909f56bfc062723c751e8b465ee728b)  -> (artifact id: '7f51dc157394e1f631f6302d23d895e8') in 0.007236 seconds
Number of updated asset objects reloaded before import = 0
Number of asset objects unloaded after import = 10
========================================================================
Received Import Request.
  Time since last request: 7.863995 seconds.
  path: Assets/Prefab/Balise/Balise_Rouge_Regen.prefab
  artifactKey: Guid(05208d323c497cb4f8f4cd8a9a24e577) Importer(815301076,1909f56bfc062723c751e8b465ee728b)
Start importing Assets/Prefab/Balise/Balise_Rouge_Regen.prefab using Guid(05208d323c497cb4f8f4cd8a9a24e577) Importer(815301076,1909f56bfc062723c751e8b465ee728b)  -> (artifact id: '104552dc05bfe098b32b3ac3eb307666') in 0.008741 seconds
Number of updated asset objects reloaded before import = 0
Number of asset objects unloaded after import = 10
========================================================================
Received Import Request.
  Time since last request: 0.381346 seconds.
  path: Assets/Prefab/Balise/Balise_Rouge_Regen.prefab
  artifactKey: Guid(05208d323c497cb4f8f4cd8a9a24e577) Importer(815301076,1909f56bfc062723c751e8b465ee728b)
Start importing Assets/Prefab/Balise/Balise_Rouge_Regen.prefab using Guid(05208d323c497cb4f8f4cd8a9a24e577) Importer(815301076,1909f56bfc062723c751e8b465ee728b)  -> (artifact id: 'd03cf7cf0acba7c3c2c14d7d215072b1') in 0.007349 seconds
Number of updated asset objects reloaded before import = 0
Number of asset objects unloaded after import = 10
========================================================================
Received Import Request.
  Time since last request: 5.055443 seconds.
  path: Assets/Prefab/Balise/Balise_Rouge_Regen.prefab
  artifactKey: Guid(05208d323c497cb4f8f4cd8a9a24e577) Importer(815301076,1909f56bfc062723c751e8b465ee728b)
Start importing Assets/Prefab/Balise/Balise_Rouge_Regen.prefab using Guid(05208d323c497cb4f8f4cd8a9a24e577) Importer(815301076,1909f56bfc062723c751e8b465ee728b)  -> (artifact id: 'b6d95d108eecf4f8cfe8e0ccdba45b4c') in 0.007056 seconds
Number of updated asset objects reloaded before import = 0
Number of asset objects unloaded after import = 10
========================================================================
Received Import Request.
  Time since last request: 2.601040 seconds.
  path: Assets/Prefab/Balise/Balise_Rouge_Regen.prefab
  artifactKey: Guid(05208d323c497cb4f8f4cd8a9a24e577) Importer(815301076,1909f56bfc062723c751e8b465ee728b)
Start importing Assets/Prefab/Balise/Balise_Rouge_Regen.prefab using Guid(05208d323c497cb4f8f4cd8a9a24e577) Importer(815301076,1909f56bfc062723c751e8b465ee728b)  -> (artifact id: 'fa2400f3c2210d55e2956e547236cab4') in 0.008296 seconds
Number of updated asset objects reloaded before import = 0
Number of asset objects unloaded after import = 10
========================================================================
Received Import Request.
  Time since last request: 2.454625 seconds.
  path: Assets/Prefab/Balise/Balise_Bleu_Regen.prefab
  artifactKey: Guid(802f57ea93721194da73437b234da535) Importer(815301076,1909f56bfc062723c751e8b465ee728b)
Start importing Assets/Prefab/Balise/Balise_Bleu_Regen.prefab using Guid(802f57ea93721194da73437b234da535) Importer(815301076,1909f56bfc062723c751e8b465ee728b)  -> (artifact id: '69f3ea107021ba8b5a394b66b074fbca') in 0.007477 seconds
Number of updated asset objects reloaded before import = 0
Number of asset objects unloaded after import = 8
========================================================================
Received Import Request.
  Time since last request: 9.569218 seconds.
  path: Assets/Prefab/Balise/Balise_Rouge_Attaque.prefab
  artifactKey: Guid(4b4b1db4cce3ff64c8b9db3d0d44f764) Importer(815301076,1909f56bfc062723c751e8b465ee728b)
Start importing Assets/Prefab/Balise/Balise_Rouge_Attaque.prefab using Guid(4b4b1db4cce3ff64c8b9db3d0d44f764) Importer(815301076,1909f56bfc062723c751e8b465ee728b)  -> (artifact id: '6c31fc325827e87251453e791f1e8788') in 0.005972 seconds
Number of updated asset objects reloaded before import = 0
Number of asset objects unloaded after import = 10
========================================================================
Received Import Request.
  Time since last request: 18.583494 seconds.
  path: Assets/Sci_Gnip/Sci_Balise_Regen_Gnip.cs
  artifactKey: Guid(fc0bf317e494919488a3d8b5b2ba2d98) Importer(815301076,1909f56bfc062723c751e8b465ee728b)
Start importing Assets/Sci_Gnip/Sci_Balise_Regen_Gnip.cs using Guid(fc0bf317e494919488a3d8b5b2ba2d98) Importer(815301076,1909f56bfc062723c751e8b465ee728b)  -> (artifact id: '853c2d48c296b557fa7dc1b0e1a51e4c') in 0.000967 seconds
Number of updated asset objects reloaded before import = 0
Number of asset objects unloaded after import = 0
========================================================================
Received Import Request.
  Time since last request: 0.887954 seconds.
  path: Assets/Sci_Gnip/Sci_Balise_Gnip.cs
  artifactKey: Guid(0af929a172ce7294a9acca73ce7f5712) Importer(815301076,1909f56bfc062723c751e8b465ee728b)
Start importing Assets/Sci_Gnip/Sci_Balise_Gnip.cs using Guid(0af929a172ce7294a9acca73ce7f5712) Importer(815301076,1909f56bfc062723c751e8b465ee728b)  -> (artifact id: '0bb2af1c2fa497fe3aeba28323e8ba57') in 0.000738 seconds
Number of updated asset objects reloaded before import = 0
Number of asset objects unloaded after import = 0
========================================================================
Received Import Request.
  Time since last request: 0.643533 seconds.
  path: Assets/Sci_Gnip/Sci_Balise_Bouclier_Gnip.cs
  artifactKey: Guid(61f334f33e7b1c249bc576abb3232b3c) Importer(815301076,1909f56bfc062723c751e8b465ee728b)
Start importing Assets/Sci_Gnip/Sci_Balise_Bouclier_Gnip.cs using Guid(61f334f33e7b1c249bc576abb3232b3c) Importer(815301076,1909f56bfc062723c751e8b465ee728b)  -> (artifact id: '687a10335e6a4f32be9d5e54aeaebe4e') in 0.000561 seconds
Number of updated asset objects reloaded before import = 0
Number of asset objects unloaded after import = 0
========================================================================
Received Import Request.
  Time since last request: 22.460409 seconds.
  path: Assets/Sci_Gnip/Sci_Balise_Bouclier_Gnip.cs
  artifactKey: Guid(61f334f33e7b1c249bc576abb3232b3c) Importer(815301076,1909f56bfc062723c751e8b465ee728b)
Start importing Assets/Sci_Gnip/Sci_Balise_Bouclier_Gnip.cs using Guid(61f334f33e7b1c249bc576abb3232b3c) Importer(815301076,1909f56bfc062723c751e8b465ee728b)  -> (artifact id: '5034ca24678fcb1b79071d7a5b5814bb') in 0.000563 seconds
Number of updated asset objects reloaded before import = 0
Number of asset objects unloaded after import = 0
========================================================================
Received Prepare
Begin MonoManager ReloadAssembly
- Loaded All Assemblies, in  0.633 seconds
Refreshing native plugins compatible for Editor in 17.74 ms, found 5 plugins.
Native extension for WindowsStandalone target not found
[Package Manager] Server::EnsureServerProcessIsRunning -- launch failed, reason: Unity was launched with the -noUpm command-line argument
[Package Manager] UpmClient::Send -- Unable to send message (not connected to UPM process).
[Package Manager] Cannot connect to Unity Package Manager local server
Mono: successfully reloaded assembly
- Finished resetting the current domain, in  1.272 seconds
Domain Reload Profiling: 1902ms
	BeginReloadAssembly (188ms)
		ExecutionOrderSort (0ms)
		DisableScriptedObjects (6ms)
		BackupInstance (0ms)
		ReleaseScriptingObjects (0ms)
		CreateAndSetChildDomain (68ms)
	RebuildCommonClasses (29ms)
	RebuildNativeTypeToScriptingClass (10ms)
	initialDomainReloadingComplete (30ms)
	LoadAllAssembliesAndSetupDomain (373ms)
		LoadAssemblies (412ms)
		RebuildTransferFunctionScriptingTraits (0ms)
		AnalyzeDomain (36ms)
			TypeCache.Refresh (11ms)
				TypeCache.ScanAssembly (0ms)
			ScanForSourceGeneratedMonoScriptInfo (19ms)
			ResolveRequiredComponents (5ms)
	FinalizeReload (1273ms)
		ReleaseScriptCaches (0ms)
		RebuildScriptCaches (0ms)
		SetupLoadedEditorAssemblies (397ms)
			LogAssemblyErrors (0ms)
			InitializePlatformSupportModulesInManaged (6ms)
			SetLoadedEditorAssemblies (2ms)
			RefreshPlugins (0ms)
			BeforeProcessingInitializeOnLoad (60ms)
			ProcessInitializeOnLoadAttributes (265ms)
			ProcessInitializeOnLoadMethodAttributes (53ms)
			AfterProcessingInitializeOnLoad (10ms)
			EditorAssembliesLoaded (0ms)
		ExecutionOrderSort2 (0ms)
		AwakeInstancesAfterBackupRestoration (8ms)
Refreshing native plugins compatible for Editor in 16.28 ms, found 5 plugins.
Preloading 0 native plugins for Editor in 0.00 ms.
Unloading 4339 Unused Serialized files (Serialized files now loaded: 0)
Unloading 90 unused Assets / (348.5 KB). Loaded Objects now: 4771.
Memory consumption went from 156.8 MB to 156.4 MB.
Total: 3.738900 ms (FindLiveObjects: 0.455600 ms CreateObjectMapping: 0.169100 ms MarkObjects: 2.970300 ms  DeleteObjects: 0.142700 ms)

Prepare: number of updated asset objects reloaded= 0
AssetImportParameters requested are different than current active one (requested -> active):
  custom:container-demuxer-ogg: 62fdf1f143b41e24485cea50d1cbac27 -> 
  custom:video-codec-MediaFoundation-h265: 746d11721c4dcdbdad8f713fa42b33f4 -> 
  custom:video-decoder-ogg-theora: a1e56fd34408186e4bbccfd4996cb3dc -> 
  custom:framework-win-MediaFoundation: 216162199b28c13a410421893ffa2e32 -> 
  custom:CustomObjectIndexerAttribute: 43b350a4d6e6d1791af0b5038c4bea17 -> 
  custom:container-demuxer-webm: 4f35f7cbe854078d1ac9338744f61a02 -> 
  custom:container-muxer-webm: aa71ff27fc2769a1b78a27578f13a17b -> 
  custom:video-decoder-webm-vp8: 9c59270c3fd7afecdb556c50c9e8de78 -> 
  custom:SearchIndexIgnoredProperties: e643bd26f0fe6173181afceb89e7c659 -> 
  custom:AudioImporter_EditorPlatform: d09bf68614088b80899f8185d706f6e7 -> 
  custom:video-encoder-webm-vp8: eb34c28f22e8b96e1ab97ce403110664 -> 
  custom:audio-decoder-ogg-vorbis: bf7c407c2cedff20999df2af8eb42d56 -> 
  custom:audio-encoder-webm-vorbis: bf7c407c2cedff20999df2af8eb42d56 -> 
